;  LST file generated by mikroListExporter - v.2.0 
; Date/Time: 1/20/2014 07:40:37 PM
;----------------------------------------------

;Address Opcode 	ASM
0x0000	0xF002EF84  	GOTO        1288
_interrupt:
;GPS Clock.c,24 :: 		void interrupt() {
0x0008	0xF016C000  	MOVFF       R0, 22
0x000C	0xF015C001  	MOVFF       R1, 21
;GPS Clock.c,25 :: 		if (RCIF_bit == 1) {             // If interrupt is generated by RCIF
0x0010	0xF017CFE1  	MOVFF       FSR1L, 23
0x0014	0xF018CFE2  	MOVFF       FSR1H, 24
0x0018	0xAA9E      	BTFSS       RCIF_bit, BitPos(RCIF_bit+0) 
0x001A	0xD01B      	BRA         L_interrupt0
;GPS Clock.c,26 :: 		txt[i] = UART1_Read();         // Read data and store it to txrt string
0x001C	0x0E51      	MOVLW       _txt
0x001E	0x243F      	ADDWF       _i, 0 
0x0020	0x0103      	MOVLB       3
0x0022	0x6F6C      	MOVWF       FLOC__interrupt, 1
0x0024	0x0E00      	MOVLW       hi_addr(_txt)
0x0026	0x2040      	ADDWFC      _i+1, 0 
0x0028	0x6F6D      	MOVWF       FLOC__interrupt+1, 1
0x002A	0xD97C      	RCALL       _UART1_Read
0x002C	0xFFE1C36C  	MOVFF       FLOC__interrupt, FSR1L
0x0030	0xFFE2C36D  	MOVFF       FLOC__interrupt+1, FSR1H
0x0034	0xFFE6C000  	MOVFF       R0, POSTINC1
;GPS Clock.c,27 :: 		i++;                           // Increment string index
0x0038	0x4A3F      	INFSNZ      _i, 1 
0x003A	0x2A40      	INCF        _i+1, 1 
;GPS Clock.c,28 :: 		if (i == 768) {                // If index = 768,
0x003C	0x5040      	MOVF        _i+1, 0 
0x003E	0x0A03      	XORLW       3
0x0040	0xE102      	BNZ         L__interrupt9
0x0042	0x0E00      	MOVLW       0
0x0044	0x183F      	XORWF       _i, 0 
L__interrupt9:
0x0046	0xE104      	BNZ         L_interrupt1
;GPS Clock.c,29 :: 		i = 0;                       //   set it to zero
0x0048	0x6A3F      	CLRF        _i 
0x004A	0x6A40      	CLRF        _i+1 
;GPS Clock.c,30 :: 		ready = 1;                     // Ready for parsing GPS data
0x004C	0x0E01      	MOVLW       1
0x004E	0x6E3C      	MOVWF       _ready 
;GPS Clock.c,31 :: 		}
L_interrupt1:
;GPS Clock.c,32 :: 		RCIF_bit = 0;                    // Set RCIF to 0 register for uart interrupt
0x0050	0x9A9E      	BCF         RCIF_bit, BitPos(RCIF_bit+0) 
;GPS Clock.c,33 :: 		}
L_interrupt0:
;GPS Clock.c,34 :: 		}
L_end_interrupt:
L__interrupt8:
0x0052	0xF000C016  	MOVFF       22, R0
0x0056	0xF001C015  	MOVFF       21, R1
0x005A	0xFFE1C017  	MOVFF       23, FSR1L
0x005E	0xFFE2C018  	MOVFF       24, FSR1H
0x0062	0x0011      	RETFIE      1
; end of _interrupt
_Delay_50us:
;__Lib_Delays.c,19 :: 		void Delay_50us() {
;__Lib_Delays.c,20 :: 		Delay_us(50);
0x0064	0x0E85      	MOVLW       133
0x0066	0x6E0D      	MOVWF       R13, 0
L_Delay_50us3:
0x0068	0x2E0D      	DECFSZ      R13, 1, 0
0x006A	0xD7FE      	BRA         L_Delay_50us3
;__Lib_Delays.c,21 :: 		}
L_end_Delay_50us:
0x006C	0x0012      	RETURN      0
; end of _Delay_50us
_Delay_5500us:
;__Lib_Delays.c,31 :: 		void Delay_5500us() {
;__Lib_Delays.c,32 :: 		Delay_us(5500);
0x006E	0x0E3A      	MOVLW       58
0x0070	0x6E0C      	MOVWF       R12, 0
0x0072	0x0E23      	MOVLW       35
0x0074	0x6E0D      	MOVWF       R13, 0
L_Delay_5500us6:
0x0076	0x2E0D      	DECFSZ      R13, 1, 0
0x0078	0xD7FE      	BRA         L_Delay_5500us6
0x007A	0x2E0C      	DECFSZ      R12, 1, 0
0x007C	0xD7FC      	BRA         L_Delay_5500us6
;__Lib_Delays.c,33 :: 		}
L_end_Delay_5500us:
0x007E	0x0012      	RETURN      0
; end of _Delay_5500us
_Delay_1us:
;__Lib_Delays.c,7 :: 		void Delay_1us() {
;__Lib_Delays.c,8 :: 		Delay_us(1);
0x0080	0x0E02      	MOVLW       2
0x0082	0x6E0D      	MOVWF       R13, 0
L_Delay_1us0:
0x0084	0x2E0D      	DECFSZ      R13, 1, 0
0x0086	0xD7FE      	BRA         L_Delay_1us0
0x0088	0x0000      	NOP
;__Lib_Delays.c,9 :: 		}
L_end_Delay_1us:
0x008A	0x0012      	RETURN      0
; end of _Delay_1us
_Lcd_Cmd:
;__Lib_Lcd.c,18 :: 		
;__Lib_Lcd.c,20 :: 		
0x008C	0x0103      	MOVLB       3
0x008E	0xBF6B      	BTFSC       FARG_Lcd_Cmd_out_char, 7, 1
0x0090	0xD002      	BRA         L__Lcd_Cmd21
0x0092	0x968A      	BCF         LCD_D7, BitPos(LCD_D7+0) 
0x0094	0xD001      	BRA         L__Lcd_Cmd22
L__Lcd_Cmd21:
0x0096	0x868A      	BSF         LCD_D7, BitPos(LCD_D7+0) 
L__Lcd_Cmd22:
;__Lib_Lcd.c,21 :: 		
0x0098	0xBD6B      	BTFSC       FARG_Lcd_Cmd_out_char, 6, 1
0x009A	0xD002      	BRA         L__Lcd_Cmd23
0x009C	0x948A      	BCF         LCD_D6, BitPos(LCD_D6+0) 
0x009E	0xD001      	BRA         L__Lcd_Cmd24
L__Lcd_Cmd23:
0x00A0	0x848A      	BSF         LCD_D6, BitPos(LCD_D6+0) 
L__Lcd_Cmd24:
;__Lib_Lcd.c,22 :: 		
0x00A2	0xBB6B      	BTFSC       FARG_Lcd_Cmd_out_char, 5, 1
0x00A4	0xD002      	BRA         L__Lcd_Cmd25
0x00A6	0x928A      	BCF         LCD_D5, BitPos(LCD_D5+0) 
0x00A8	0xD001      	BRA         L__Lcd_Cmd26
L__Lcd_Cmd25:
0x00AA	0x828A      	BSF         LCD_D5, BitPos(LCD_D5+0) 
L__Lcd_Cmd26:
;__Lib_Lcd.c,23 :: 		
0x00AC	0xB96B      	BTFSC       FARG_Lcd_Cmd_out_char, 4, 1
0x00AE	0xD002      	BRA         L__Lcd_Cmd27
0x00B0	0x908A      	BCF         LCD_D4, BitPos(LCD_D4+0) 
0x00B2	0xD001      	BRA         L__Lcd_Cmd28
L__Lcd_Cmd27:
0x00B4	0x808A      	BSF         LCD_D4, BitPos(LCD_D4+0) 
L__Lcd_Cmd28:
;__Lib_Lcd.c,25 :: 		
0x00B6	0xB15D      	BTFSC       __Lib_Lcd_cmd_status, BitPos(__Lib_Lcd_cmd_status+0), 1
0x00B8	0xD002      	BRA         L__Lcd_Cmd29
0x00BA	0x888A      	BSF         LCD_RS, BitPos(LCD_RS+0) 
0x00BC	0xD001      	BRA         L__Lcd_Cmd30
L__Lcd_Cmd29:
0x00BE	0x988A      	BCF         LCD_RS, BitPos(LCD_RS+0) 
L__Lcd_Cmd30:
;__Lib_Lcd.c,28 :: 		
0x00C0	0x8A8A      	BSF         LCD_EN, BitPos(LCD_EN+0) 
;__Lib_Lcd.c,29 :: 		
0x00C2	0xDFDE      	RCALL       _Delay_1us
;__Lib_Lcd.c,30 :: 		
0x00C4	0x9A8A      	BCF         LCD_EN, BitPos(LCD_EN+0) 
;__Lib_Lcd.c,33 :: 		
0x00C6	0xB76B      	BTFSC       FARG_Lcd_Cmd_out_char, 3, 1
0x00C8	0xD002      	BRA         L__Lcd_Cmd31
0x00CA	0x968A      	BCF         LCD_D7, BitPos(LCD_D7+0) 
0x00CC	0xD001      	BRA         L__Lcd_Cmd32
L__Lcd_Cmd31:
0x00CE	0x868A      	BSF         LCD_D7, BitPos(LCD_D7+0) 
L__Lcd_Cmd32:
;__Lib_Lcd.c,34 :: 		
0x00D0	0xB56B      	BTFSC       FARG_Lcd_Cmd_out_char, 2, 1
0x00D2	0xD002      	BRA         L__Lcd_Cmd33
0x00D4	0x948A      	BCF         LCD_D6, BitPos(LCD_D6+0) 
0x00D6	0xD001      	BRA         L__Lcd_Cmd34
L__Lcd_Cmd33:
0x00D8	0x848A      	BSF         LCD_D6, BitPos(LCD_D6+0) 
L__Lcd_Cmd34:
;__Lib_Lcd.c,35 :: 		
0x00DA	0xB36B      	BTFSC       FARG_Lcd_Cmd_out_char, 1, 1
0x00DC	0xD002      	BRA         L__Lcd_Cmd35
0x00DE	0x928A      	BCF         LCD_D5, BitPos(LCD_D5+0) 
0x00E0	0xD001      	BRA         L__Lcd_Cmd36
L__Lcd_Cmd35:
0x00E2	0x828A      	BSF         LCD_D5, BitPos(LCD_D5+0) 
L__Lcd_Cmd36:
;__Lib_Lcd.c,36 :: 		
0x00E4	0xB16B      	BTFSC       FARG_Lcd_Cmd_out_char, 0, 1
0x00E6	0xD002      	BRA         L__Lcd_Cmd37
0x00E8	0x908A      	BCF         LCD_D4, BitPos(LCD_D4+0) 
0x00EA	0xD001      	BRA         L__Lcd_Cmd38
L__Lcd_Cmd37:
0x00EC	0x808A      	BSF         LCD_D4, BitPos(LCD_D4+0) 
L__Lcd_Cmd38:
;__Lib_Lcd.c,38 :: 		
0x00EE	0xB15D      	BTFSC       __Lib_Lcd_cmd_status, BitPos(__Lib_Lcd_cmd_status+0), 1
0x00F0	0xD002      	BRA         L__Lcd_Cmd39
0x00F2	0x888A      	BSF         LCD_RS, BitPos(LCD_RS+0) 
0x00F4	0xD001      	BRA         L__Lcd_Cmd40
L__Lcd_Cmd39:
0x00F6	0x988A      	BCF         LCD_RS, BitPos(LCD_RS+0) 
L__Lcd_Cmd40:
;__Lib_Lcd.c,40 :: 		
0x00F8	0x8A8A      	BSF         LCD_EN, BitPos(LCD_EN+0) 
;__Lib_Lcd.c,41 :: 		
0x00FA	0xDFC2      	RCALL       _Delay_1us
;__Lib_Lcd.c,42 :: 		
0x00FC	0x9A8A      	BCF         LCD_EN, BitPos(LCD_EN+0) 
;__Lib_Lcd.c,44 :: 		
0x00FE	0xA15D      	BTFSS       __Lib_Lcd_cmd_status, BitPos(__Lib_Lcd_cmd_status+0), 1
0x0100	0xD002      	BRA         L_Lcd_Cmd0
;__Lib_Lcd.c,45 :: 		
0x0102	0xDFB5      	RCALL       _Delay_5500us
0x0104	0xD001      	BRA         L_Lcd_Cmd1
L_Lcd_Cmd0:
;__Lib_Lcd.c,47 :: 		
0x0106	0xDFAE      	RCALL       _Delay_50us
L_Lcd_Cmd1:
;__Lib_Lcd.c,48 :: 		
L_end_Lcd_Cmd:
0x0108	0x0012      	RETURN      0
; end of _Lcd_Cmd
_Div_8x8_U:
;__Lib_Math.c,77 :: 		
;__Lib_Math.c,84 :: 		
0x010A	0x6A08      	CLRF        R8, 0
;__Lib_Math.c,85 :: 		
0x010C	0x0E08      	MOVLW       8
;__Lib_Math.c,86 :: 		
0x010E	0x6E0C      	MOVWF       R12, 0
;__Lib_Math.c,87 :: 		
0x0110	0x3400      	RLCF        R0, 0, 0
;__Lib_Math.c,88 :: 		
0x0112	0x3608      	RLCF        R8, 1, 0
;__Lib_Math.c,89 :: 		
0x0114	0x5004      	MOVF        R4, 0, 0
;__Lib_Math.c,90 :: 		
0x0116	0x5E08      	SUBWF       R8, 1, 0
;__Lib_Math.c,91 :: 		
0x0118	0xB0D8      	BTFSC       STATUS, 0, 0
;__Lib_Math.c,92 :: 		
0x011A	0xD002      	BRA         $+6
;__Lib_Math.c,93 :: 		
0x011C	0x2608      	ADDWF       R8, 1, 0
;__Lib_Math.c,94 :: 		
0x011E	0x90D8      	BCF         STATUS, 0, 0
;__Lib_Math.c,95 :: 		
0x0120	0x3600      	RLCF        R0, 1, 0
;__Lib_Math.c,96 :: 		
0x0122	0x2E0C      	DECFSZ      R12, 1, 0
;__Lib_Math.c,97 :: 		
0x0124	0xD7F5      	BRA         $-20
;__Lib_Math.c,99 :: 		
L_end_Div_8x8_U:
0x0126	0x0012      	RETURN      0
; end of _Div_8x8_U
_Lcd_Chr_CP:
;__Lib_Lcd.c,50 :: 		
;__Lib_Lcd.c,52 :: 		
0x0128	0x0103      	MOVLB       3
0x012A	0x915D      	BCF         __Lib_Lcd_cmd_status, BitPos(__Lib_Lcd_cmd_status+0), 1
;__Lib_Lcd.c,53 :: 		
0x012C	0xF36BC366  	MOVFF       FARG_Lcd_Chr_CP_out_char, FARG_Lcd_Cmd_out_char
0x0130	0xDFAD      	RCALL       _Lcd_Cmd
;__Lib_Lcd.c,54 :: 		
0x0132	0x815D      	BSF         __Lib_Lcd_cmd_status, BitPos(__Lib_Lcd_cmd_status+0), 1
;__Lib_Lcd.c,55 :: 		
L_end_Lcd_Chr_CP:
0x0134	0x0012      	RETURN      0
; end of _Lcd_Chr_CP
_strlen:
;__Lib_CString.c,143 :: 		
;__Lib_CString.c,146 :: 		
0x0136	0xF002C366  	MOVFF       FARG_strlen_s, R2
0x013A	0xF003C367  	MOVFF       FARG_strlen_s+1, R3
;__Lib_CString.c,147 :: 		
L_strlen36:
0x013E	0xF000C002  	MOVFF       R2, R0
0x0142	0xF001C003  	MOVFF       R3, R1
0x0146	0x4A02      	INFSNZ      R2, 1 
0x0148	0x2A03      	INCF        R3, 1 
0x014A	0xFFE9C000  	MOVFF       R0, FSR0L
0x014E	0xFFEAC001  	MOVFF       R1, FSR0H
0x0152	0x52EE      	MOVF        POSTINC0, 1 
0x0154	0xE001      	BZ          L_strlen37
;__Lib_CString.c,148 :: 		
0x0156	0xD7F3      	BRA         L_strlen36
L_strlen37:
;__Lib_CString.c,149 :: 		
0x0158	0x0103      	MOVLB       3
0x015A	0x5166      	MOVF        FARG_strlen_s, 0, 1
0x015C	0x5C02      	SUBWF       R2, 0 
0x015E	0x6E00      	MOVWF       R0 
0x0160	0x5167      	MOVF        FARG_strlen_s+1, 0, 1
0x0162	0x5803      	SUBWFB      R3, 0 
0x0164	0x6E01      	MOVWF       R1 
0x0166	0x0E01      	MOVLW       1
0x0168	0x5E00      	SUBWF       R0, 1 
0x016A	0x0E00      	MOVLW       0
0x016C	0x5A01      	SUBWFB      R1, 1 
;__Lib_CString.c,150 :: 		
L_end_strlen:
0x016E	0x0012      	RETURN      0
; end of _strlen
_strncmp:
;__Lib_CString.c,226 :: 		
;__Lib_CString.c,228 :: 		
L_strncmp58:
0x0170	0xF000C36A  	MOVFF       FARG_strncmp_len, R0
0x0174	0x0103      	MOVLB       3
0x0176	0x076A      	DECF        FARG_strncmp_len, 1, 1
0x0178	0x5200      	MOVF        R0, 1 
0x017A	0xE028      	BZ          L_strncmp59
;__Lib_CString.c,229 :: 		
0x017C	0xFFE9C366  	MOVFF       FARG_strncmp_s1, FSR0L
0x0180	0xFFEAC367  	MOVFF       FARG_strncmp_s1+1, FSR0H
0x0184	0x50EE      	MOVF        POSTINC0, 0 
0x0186	0x0A00      	XORLW       0
0x0188	0xE00C      	BZ          L__strncmp85
0x018A	0xFFE9C366  	MOVFF       FARG_strncmp_s1, FSR0L
0x018E	0xFFEAC367  	MOVFF       FARG_strncmp_s1+1, FSR0H
0x0192	0xFFD9C368  	MOVFF       FARG_strncmp_s2, FSR2L
0x0196	0xFFDAC369  	MOVFF       FARG_strncmp_s2+1, FSR2H
0x019A	0x50EE      	MOVF        POSTINC0, 0 
0x019C	0x18DE      	XORWF       POSTINC2, 0 
0x019E	0xE101      	BNZ         L__strncmp85
0x01A0	0xD00F      	BRA         L_strncmp62
L__strncmp85:
;__Lib_CString.c,230 :: 		
0x01A2	0xFFE9C366  	MOVFF       FARG_strncmp_s1, FSR0L
0x01A6	0xFFEAC367  	MOVFF       FARG_strncmp_s1+1, FSR0H
0x01AA	0xFFD9C368  	MOVFF       FARG_strncmp_s2, FSR2L
0x01AE	0xFFDAC369  	MOVFF       FARG_strncmp_s2+1, FSR2H
0x01B2	0x50DE      	MOVF        POSTINC2, 0 
0x01B4	0x5CEE      	SUBWF       POSTINC0, 0 
0x01B6	0x6E00      	MOVWF       R0 
0x01B8	0x6A01      	CLRF        R1 
0x01BA	0x0E00      	MOVLW       0
0x01BC	0x5A01      	SUBWFB      R1, 1 
0x01BE	0xD008      	BRA         L_end_strncmp
L_strncmp62:
0x01C0	0x0103      	MOVLB       3
;__Lib_CString.c,231 :: 		
0x01C2	0x4B66      	INFSNZ      FARG_strncmp_s1, 1, 1
0x01C4	0x2B67      	INCF        FARG_strncmp_s1+1, 1, 1
;__Lib_CString.c,232 :: 		
0x01C6	0x4B68      	INFSNZ      FARG_strncmp_s2, 1, 1
0x01C8	0x2B69      	INCF        FARG_strncmp_s2+1, 1, 1
;__Lib_CString.c,233 :: 		
0x01CA	0xD7D2      	BRA         L_strncmp58
L_strncmp59:
;__Lib_CString.c,234 :: 		
0x01CC	0x6A00      	CLRF        R0 
0x01CE	0x6A01      	CLRF        R1 
;__Lib_CString.c,235 :: 		
L_end_strncmp:
0x01D0	0x0012      	RETURN      0
; end of _strncmp
_strchr:
;__Lib_CString.c,109 :: 		
;__Lib_CString.c,110 :: 		
L_strchr26:
;__Lib_CString.c,111 :: 		
0x01D2	0xFFE9C366  	MOVFF       FARG_strchr_ptr, FSR0L
0x01D6	0xFFEAC367  	MOVFF       FARG_strchr_ptr+1, FSR0H
0x01DA	0x50EE      	MOVF        POSTINC0, 0 
0x01DC	0x0103      	MOVLB       3
0x01DE	0x1968      	XORWF       FARG_strchr_chr, 0, 1
0x01E0	0xE105      	BNZ         L_strchr29
;__Lib_CString.c,112 :: 		
0x01E2	0xF000C366  	MOVFF       FARG_strchr_ptr, R0
0x01E6	0xF001C367  	MOVFF       FARG_strchr_ptr+1, R1
0x01EA	0xD010      	BRA         L_end_strchr
L_strchr29:
;__Lib_CString.c,113 :: 		
0x01EC	0xF000C366  	MOVFF       FARG_strchr_ptr, R0
0x01F0	0xF001C367  	MOVFF       FARG_strchr_ptr+1, R1
0x01F4	0x4B66      	INFSNZ      FARG_strchr_ptr, 1, 1
0x01F6	0x2B67      	INCF        FARG_strchr_ptr+1, 1, 1
0x01F8	0xFFE9C000  	MOVFF       R0, FSR0L
0x01FC	0xFFEAC001  	MOVFF       R1, FSR0H
0x0200	0xF000CFEE  	MOVFF       POSTINC0, R0
0x0204	0x5200      	MOVF        R0, 1 
0x0206	0xE1E5      	BNZ         L_strchr26
;__Lib_CString.c,115 :: 		
0x0208	0x6A00      	CLRF        R0 
0x020A	0x6A01      	CLRF        R1 
;__Lib_CString.c,116 :: 		
L_end_strchr:
0x020C	0x0012      	RETURN      0
; end of _strchr
_Lcd_Init:
;__Lib_Lcd.c,84 :: 		
;__Lib_Lcd.c,86 :: 		
0x020E	0x9A93      	BCF         LCD_EN_Direction, BitPos(LCD_EN_Direction+0) 
;__Lib_Lcd.c,87 :: 		
0x0210	0x9893      	BCF         LCD_RS_Direction, BitPos(LCD_RS_Direction+0) 
;__Lib_Lcd.c,88 :: 		
0x0212	0x9093      	BCF         LCD_D4_Direction, BitPos(LCD_D4_Direction+0) 
;__Lib_Lcd.c,89 :: 		
0x0214	0x9293      	BCF         LCD_D5_Direction, BitPos(LCD_D5_Direction+0) 
;__Lib_Lcd.c,90 :: 		
0x0216	0x9493      	BCF         LCD_D6_Direction, BitPos(LCD_D6_Direction+0) 
;__Lib_Lcd.c,91 :: 		
0x0218	0x9693      	BCF         LCD_D7_Direction, BitPos(LCD_D7_Direction+0) 
;__Lib_Lcd.c,93 :: 		
0x021A	0x9A8A      	BCF         LCD_EN, BitPos(LCD_EN+0) 
;__Lib_Lcd.c,94 :: 		
0x021C	0x988A      	BCF         LCD_RS, BitPos(LCD_RS+0) 
;__Lib_Lcd.c,95 :: 		
0x021E	0x968A      	BCF         LCD_D7, BitPos(LCD_D7+0) 
;__Lib_Lcd.c,96 :: 		
0x0220	0x948A      	BCF         LCD_D6, BitPos(LCD_D6+0) 
;__Lib_Lcd.c,97 :: 		
0x0222	0x928A      	BCF         LCD_D5, BitPos(LCD_D5+0) 
;__Lib_Lcd.c,98 :: 		
0x0224	0x908A      	BCF         LCD_D4, BitPos(LCD_D4+0) 
;__Lib_Lcd.c,100 :: 		
0x0226	0xDF23      	RCALL       _Delay_5500us
;__Lib_Lcd.c,101 :: 		
0x0228	0xDF22      	RCALL       _Delay_5500us
;__Lib_Lcd.c,102 :: 		
0x022A	0xDF21      	RCALL       _Delay_5500us
;__Lib_Lcd.c,105 :: 		
0x022C	0x828A      	BSF         LCD_D5, BitPos(LCD_D5+0) 
;__Lib_Lcd.c,106 :: 		
0x022E	0x808A      	BSF         LCD_D4, BitPos(LCD_D4+0) 
;__Lib_Lcd.c,107 :: 		
0x0230	0x8A8A      	BSF         LCD_EN, BitPos(LCD_EN+0) 
;__Lib_Lcd.c,108 :: 		
0x0232	0xDF26      	RCALL       _Delay_1us
;__Lib_Lcd.c,109 :: 		
0x0234	0x9A8A      	BCF         LCD_EN, BitPos(LCD_EN+0) 
;__Lib_Lcd.c,110 :: 		
0x0236	0xDF1B      	RCALL       _Delay_5500us
;__Lib_Lcd.c,112 :: 		
0x0238	0x8A8A      	BSF         LCD_EN, BitPos(LCD_EN+0) 
;__Lib_Lcd.c,113 :: 		
0x023A	0xDF22      	RCALL       _Delay_1us
;__Lib_Lcd.c,114 :: 		
0x023C	0x9A8A      	BCF         LCD_EN, BitPos(LCD_EN+0) 
;__Lib_Lcd.c,115 :: 		
0x023E	0xDF17      	RCALL       _Delay_5500us
;__Lib_Lcd.c,117 :: 		
0x0240	0x8A8A      	BSF         LCD_EN, BitPos(LCD_EN+0) 
;__Lib_Lcd.c,118 :: 		
0x0242	0xDF1E      	RCALL       _Delay_1us
;__Lib_Lcd.c,119 :: 		
0x0244	0x9A8A      	BCF         LCD_EN, BitPos(LCD_EN+0) 
;__Lib_Lcd.c,120 :: 		
0x0246	0xDF13      	RCALL       _Delay_5500us
;__Lib_Lcd.c,123 :: 		
0x0248	0x908A      	BCF         LCD_D4, BitPos(LCD_D4+0) 
;__Lib_Lcd.c,124 :: 		
0x024A	0x8A8A      	BSF         LCD_EN, BitPos(LCD_EN+0) 
;__Lib_Lcd.c,125 :: 		
0x024C	0xDF19      	RCALL       _Delay_1us
;__Lib_Lcd.c,126 :: 		
0x024E	0x9A8A      	BCF         LCD_EN, BitPos(LCD_EN+0) 
;__Lib_Lcd.c,127 :: 		
0x0250	0xDF0E      	RCALL       _Delay_5500us
;__Lib_Lcd.c,130 :: 		
0x0252	0x8A8A      	BSF         LCD_EN, BitPos(LCD_EN+0) 
;__Lib_Lcd.c,131 :: 		
0x0254	0xDF15      	RCALL       _Delay_1us
;__Lib_Lcd.c,132 :: 		
0x0256	0x9A8A      	BCF         LCD_EN, BitPos(LCD_EN+0) 
;__Lib_Lcd.c,134 :: 		
0x0258	0x928A      	BCF         LCD_D5, BitPos(LCD_D5+0) 
;__Lib_Lcd.c,135 :: 		
0x025A	0x868A      	BSF         LCD_D7, BitPos(LCD_D7+0) 
;__Lib_Lcd.c,136 :: 		
0x025C	0x8A8A      	BSF         LCD_EN, BitPos(LCD_EN+0) 
;__Lib_Lcd.c,137 :: 		
0x025E	0xDF10      	RCALL       _Delay_1us
;__Lib_Lcd.c,138 :: 		
0x0260	0x9A8A      	BCF         LCD_EN, BitPos(LCD_EN+0) 
;__Lib_Lcd.c,139 :: 		
0x0262	0xDF05      	RCALL       _Delay_5500us
;__Lib_Lcd.c,142 :: 		
0x0264	0x968A      	BCF         LCD_D7, BitPos(LCD_D7+0) 
;__Lib_Lcd.c,143 :: 		
0x0266	0x808A      	BSF         LCD_D4, BitPos(LCD_D4+0) 
;__Lib_Lcd.c,144 :: 		
0x0268	0x8A8A      	BSF         LCD_EN, BitPos(LCD_EN+0) 
;__Lib_Lcd.c,145 :: 		
0x026A	0xDF0A      	RCALL       _Delay_1us
;__Lib_Lcd.c,146 :: 		
0x026C	0x9A8A      	BCF         LCD_EN, BitPos(LCD_EN+0) 
;__Lib_Lcd.c,148 :: 		
0x026E	0x908A      	BCF         LCD_D4, BitPos(LCD_D4+0) 
;__Lib_Lcd.c,149 :: 		
0x0270	0x8A8A      	BSF         LCD_EN, BitPos(LCD_EN+0) 
;__Lib_Lcd.c,150 :: 		
0x0272	0xDF06      	RCALL       _Delay_1us
;__Lib_Lcd.c,151 :: 		
0x0274	0x9A8A      	BCF         LCD_EN, BitPos(LCD_EN+0) 
;__Lib_Lcd.c,152 :: 		
0x0276	0xDEFB      	RCALL       _Delay_5500us
;__Lib_Lcd.c,155 :: 		
0x0278	0x8A8A      	BSF         LCD_EN, BitPos(LCD_EN+0) 
;__Lib_Lcd.c,156 :: 		
0x027A	0xDF02      	RCALL       _Delay_1us
;__Lib_Lcd.c,157 :: 		
0x027C	0x9A8A      	BCF         LCD_EN, BitPos(LCD_EN+0) 
;__Lib_Lcd.c,159 :: 		
0x027E	0x808A      	BSF         LCD_D4, BitPos(LCD_D4+0) 
;__Lib_Lcd.c,160 :: 		
0x0280	0x8A8A      	BSF         LCD_EN, BitPos(LCD_EN+0) 
;__Lib_Lcd.c,161 :: 		
0x0282	0xDEFE      	RCALL       _Delay_1us
;__Lib_Lcd.c,162 :: 		
0x0284	0x9A8A      	BCF         LCD_EN, BitPos(LCD_EN+0) 
;__Lib_Lcd.c,163 :: 		
0x0286	0xDEF3      	RCALL       _Delay_5500us
;__Lib_Lcd.c,166 :: 		
0x0288	0x908A      	BCF         LCD_D4, BitPos(LCD_D4+0) 
;__Lib_Lcd.c,167 :: 		
0x028A	0x8A8A      	BSF         LCD_EN, BitPos(LCD_EN+0) 
;__Lib_Lcd.c,168 :: 		
0x028C	0xDEF9      	RCALL       _Delay_1us
;__Lib_Lcd.c,169 :: 		
0x028E	0x9A8A      	BCF         LCD_EN, BitPos(LCD_EN+0) 
;__Lib_Lcd.c,171 :: 		
0x0290	0x868A      	BSF         LCD_D7, BitPos(LCD_D7+0) 
;__Lib_Lcd.c,172 :: 		
0x0292	0x848A      	BSF         LCD_D6, BitPos(LCD_D6+0) 
;__Lib_Lcd.c,173 :: 		
0x0294	0x828A      	BSF         LCD_D5, BitPos(LCD_D5+0) 
;__Lib_Lcd.c,174 :: 		
0x0296	0x808A      	BSF         LCD_D4, BitPos(LCD_D4+0) 
;__Lib_Lcd.c,175 :: 		
0x0298	0x8A8A      	BSF         LCD_EN, BitPos(LCD_EN+0) 
;__Lib_Lcd.c,176 :: 		
0x029A	0xDEF2      	RCALL       _Delay_1us
;__Lib_Lcd.c,177 :: 		
0x029C	0x9A8A      	BCF         LCD_EN, BitPos(LCD_EN+0) 
;__Lib_Lcd.c,179 :: 		
0x029E	0xDEE7      	RCALL       _Delay_5500us
;__Lib_Lcd.c,181 :: 		
0x02A0	0x0103      	MOVLB       3
0x02A2	0x815D      	BSF         __Lib_Lcd_cmd_status, BitPos(__Lib_Lcd_cmd_status+0), 1
;__Lib_Lcd.c,182 :: 		
L_end_Lcd_Init:
0x02A4	0x0012      	RETURN      0
; end of _Lcd_Init
_Lcd_Out:
;__Lib_Lcd.c,184 :: 		
;__Lib_Lcd.c,187 :: 		
0x02A6	0xD010      	BRA         L_Lcd_Out11
;__Lib_Lcd.c,188 :: 		
L_Lcd_Out13:
0x02A8	0x0E80      	MOVLW       128
0x02AA	0x0103      	MOVLB       3
0x02AC	0x6F60      	MOVWF       FARG_Lcd_Out_row, 1
0x02AE	0xD01A      	BRA         L_Lcd_Out12
;__Lib_Lcd.c,189 :: 		
L_Lcd_Out14:
0x02B0	0x0EC0      	MOVLW       192
0x02B2	0x6F60      	MOVWF       FARG_Lcd_Out_row, 1
0x02B4	0xD017      	BRA         L_Lcd_Out12
;__Lib_Lcd.c,190 :: 		
L_Lcd_Out15:
0x02B6	0x0E94      	MOVLW       148
0x02B8	0x6F60      	MOVWF       FARG_Lcd_Out_row, 1
0x02BA	0xD014      	BRA         L_Lcd_Out12
;__Lib_Lcd.c,191 :: 		
L_Lcd_Out16:
0x02BC	0x0ED4      	MOVLW       212
0x02BE	0x6F60      	MOVWF       FARG_Lcd_Out_row, 1
0x02C0	0xD011      	BRA         L_Lcd_Out12
;__Lib_Lcd.c,192 :: 		
L_Lcd_Out17:
0x02C2	0x0E80      	MOVLW       128
0x02C4	0x6F60      	MOVWF       FARG_Lcd_Out_row, 1
;__Lib_Lcd.c,193 :: 		
0x02C6	0xD00E      	BRA         L_Lcd_Out12
L_Lcd_Out11:
0x02C8	0x0103      	MOVLB       3
0x02CA	0x5160      	MOVF        FARG_Lcd_Out_row, 0, 1
0x02CC	0x0A01      	XORLW       1
0x02CE	0xE0EC      	BZ          L_Lcd_Out13
0x02D0	0x5160      	MOVF        FARG_Lcd_Out_row, 0, 1
0x02D2	0x0A02      	XORLW       2
0x02D4	0xE0ED      	BZ          L_Lcd_Out14
0x02D6	0x5160      	MOVF        FARG_Lcd_Out_row, 0, 1
0x02D8	0x0A03      	XORLW       3
0x02DA	0xE0ED      	BZ          L_Lcd_Out15
0x02DC	0x5160      	MOVF        FARG_Lcd_Out_row, 0, 1
0x02DE	0x0A04      	XORLW       4
0x02E0	0xE0ED      	BZ          L_Lcd_Out16
0x02E2	0xD7EF      	BRA         L_Lcd_Out17
L_Lcd_Out12:
;__Lib_Lcd.c,194 :: 		
0x02E4	0x0561      	DECF        FARG_Lcd_Out_column, 0, 1
0x02E6	0x6E00      	MOVWF       R0 
0x02E8	0x5160      	MOVF        FARG_Lcd_Out_row, 0, 1
0x02EA	0x2600      	ADDWF       R0, 1 
0x02EC	0xF360C000  	MOVFF       R0, FARG_Lcd_Out_row
;__Lib_Lcd.c,196 :: 		
0x02F0	0xF36BC000  	MOVFF       R0, FARG_Lcd_Cmd_out_char
0x02F4	0xDECB      	RCALL       _Lcd_Cmd
;__Lib_Lcd.c,197 :: 		
0x02F6	0x915D      	BCF         __Lib_Lcd_cmd_status, BitPos(__Lib_Lcd_cmd_status+0), 1
;__Lib_Lcd.c,198 :: 		
0x02F8	0x6B64      	CLRF        Lcd_Out_i_L0, 1
;__Lib_Lcd.c,199 :: 		
L_Lcd_Out18:
0x02FA	0x5164      	MOVF        Lcd_Out_i_L0, 0, 1
0x02FC	0x2562      	ADDWF       FARG_Lcd_Out_text, 0, 1
0x02FE	0x6EE9      	MOVWF       FSR0L 
0x0300	0x0E00      	MOVLW       0
0x0302	0x2163      	ADDWFC      FARG_Lcd_Out_text+1, 0, 1
0x0304	0x6EEA      	MOVWF       FSR0H 
0x0306	0x52EE      	MOVF        POSTINC0, 1 
0x0308	0xE00B      	BZ          L_Lcd_Out19
;__Lib_Lcd.c,200 :: 		
0x030A	0x5164      	MOVF        Lcd_Out_i_L0, 0, 1
0x030C	0x2562      	ADDWF       FARG_Lcd_Out_text, 0, 1
0x030E	0x6EE9      	MOVWF       FSR0L 
0x0310	0x0E00      	MOVLW       0
0x0312	0x2163      	ADDWFC      FARG_Lcd_Out_text+1, 0, 1
0x0314	0x6EEA      	MOVWF       FSR0H 
0x0316	0xF366CFEE  	MOVFF       POSTINC0, FARG_Lcd_Chr_CP_out_char
0x031A	0xDF06      	RCALL       _Lcd_Chr_CP
0x031C	0x2B64      	INCF        Lcd_Out_i_L0, 1, 1
0x031E	0xD7ED      	BRA         L_Lcd_Out18
L_Lcd_Out19:
;__Lib_Lcd.c,201 :: 		
0x0320	0x815D      	BSF         __Lib_Lcd_cmd_status, BitPos(__Lib_Lcd_cmd_status+0), 1
;__Lib_Lcd.c,202 :: 		
L_end_Lcd_Out:
0x0322	0x0012      	RETURN      0
; end of _Lcd_Out
_UART1_Read:
;__Lib_UART_c67d67.c,44 :: 		
;__Lib_UART_c67d67.c,47 :: 		
0x0324	0xF001CFAE  	MOVFF       RCREG, R1
;__Lib_UART_c67d67.c,48 :: 		
0x0328	0xA2AB      	BTFSS       RCSTA, 1 
0x032A	0xD002      	BRA         L_UART1_Read2
;__Lib_UART_c67d67.c,49 :: 		
0x032C	0x98AB      	BCF         RCSTA, 4 
;__Lib_UART_c67d67.c,50 :: 		
0x032E	0x88AB      	BSF         RCSTA, 4 
;__Lib_UART_c67d67.c,51 :: 		
L_UART1_Read2:
;__Lib_UART_c67d67.c,52 :: 		
0x0330	0xF000C001  	MOVFF       R1, R0
;__Lib_UART_c67d67.c,53 :: 		
L_end_UART1_Read:
0x0334	0x0012      	RETURN      0
; end of _UART1_Read
___CC2DW:
;__Lib_System.c,21 :: 		
;__Lib_System.c,23 :: 		
_CC2DL_Loop1:
;__Lib_System.c,24 :: 		
0x0336	0x0009      	TBLRD*+
;__Lib_System.c,25 :: 		
0x0338	0xFFE6CFF5  	MOVFF       TABLAT, POSTINC1
;__Lib_System.c,26 :: 		
0x033C	0x0600      	DECF        R0, 1, 0
;__Lib_System.c,27 :: 		
0x033E	0xE1FB      	BNZ         _CC2DL_Loop1
;__Lib_System.c,28 :: 		
0x0340	0x0601      	DECF        R1, 1, 0
;__Lib_System.c,29 :: 		
0x0342	0xE1F9      	BNZ         _CC2DL_Loop1
;__Lib_System.c,31 :: 		
L_end___CC2DW:
0x0344	0x0012      	RETURN      0
; end of ___CC2DW
_Mul_16x16_U:
;__Lib_Math.c,440 :: 		
;__Lib_Math.c,447 :: 		
0x0346	0x6A0B      	CLRF        R11, 0
;__Lib_Math.c,448 :: 		
0x0348	0x6A0A      	CLRF        R10, 0
;__Lib_Math.c,449 :: 		
0x034A	0x6A09      	CLRF        R9, 0
;__Lib_Math.c,450 :: 		
0x034C	0x5000      	MOVF        R0, 0, 0
;__Lib_Math.c,451 :: 		
0x034E	0x0204      	MULWF       R4, 0
;__Lib_Math.c,453 :: 		
0x0350	0xF009CFF4  	MOVFF       PRODH, R9
;__Lib_Math.c,454 :: 		
0x0354	0xF008CFF3  	MOVFF       PRODL, R8
;__Lib_Math.c,455 :: 		
0x0358	0x5001      	MOVF        R1, 0, 0
;__Lib_Math.c,456 :: 		
0x035A	0x0205      	MULWF       R5, 0
;__Lib_Math.c,458 :: 		
0x035C	0xF00BCFF4  	MOVFF       PRODH, R11
;__Lib_Math.c,459 :: 		
0x0360	0xF00ACFF3  	MOVFF       PRODL, R10
;__Lib_Math.c,460 :: 		
0x0364	0x5000      	MOVF        R0, 0, 0
;__Lib_Math.c,461 :: 		
0x0366	0x0205      	MULWF       R5, 0
;__Lib_Math.c,463 :: 		
0x0368	0x50F3      	MOVF        PRODL, 0, 0
;__Lib_Math.c,464 :: 		
0x036A	0x2609      	ADDWF       R9, 1, 0
;__Lib_Math.c,465 :: 		
0x036C	0x50F4      	MOVF        PRODH, 0, 0
;__Lib_Math.c,466 :: 		
0x036E	0x220A      	ADDWFC      R10, 1, 0
;__Lib_Math.c,467 :: 		
0x0370	0x6AE8      	CLRF        WREG, 0
;__Lib_Math.c,468 :: 		
0x0372	0x220B      	ADDWFC      R11, 1, 0
;__Lib_Math.c,469 :: 		
0x0374	0x5001      	MOVF        R1, 0, 0
;__Lib_Math.c,470 :: 		
0x0376	0x0204      	MULWF       R4, 0
;__Lib_Math.c,472 :: 		
0x0378	0x50F3      	MOVF        PRODL, 0, 0
;__Lib_Math.c,473 :: 		
0x037A	0x2609      	ADDWF       R9, 1, 0
;__Lib_Math.c,474 :: 		
0x037C	0x50F4      	MOVF        PRODH, 0, 0
;__Lib_Math.c,475 :: 		
0x037E	0x220A      	ADDWFC      R10, 1, 0
;__Lib_Math.c,476 :: 		
0x0380	0x6AE8      	CLRF        WREG, 0
;__Lib_Math.c,477 :: 		
0x0382	0x220B      	ADDWFC      R11, 1, 0
;__Lib_Math.c,479 :: 		
0x0384	0xF000C008  	MOVFF       R8, R0
;__Lib_Math.c,480 :: 		
0x0388	0xF001C009  	MOVFF       R9, R1
;__Lib_Math.c,481 :: 		
0x038C	0xF002C00A  	MOVFF       R10, R2
;__Lib_Math.c,482 :: 		
0x0390	0xF003C00B  	MOVFF       R11, R3
;__Lib_Math.c,485 :: 		
L_end_Mul_16x16_U:
0x0394	0x0012      	RETURN      0
; end of _Mul_16x16_U
_UART1_Init:
;__Lib_UART_c67d67.c,20 :: 		
;__Lib_UART_c67d67.c,23 :: 		
0x0396	0x0EFF      	MOVLW       _UART1_Write
0x0398	0x6E45      	MOVWF       _UART_Wr_Ptr 
0x039A	0x0EFF      	MOVLW       hi_addr(_UART1_Write)
0x039C	0x6E46      	MOVWF       _UART_Wr_Ptr+1 
0x039E	0x0EFF      	MOVLW       FARG_UART1_Write_data_
0x03A0	0x6E47      	MOVWF       _UART_Wr_Ptr+2 
0x03A2	0x0EFF      	MOVLW       hi_addr(FARG_UART1_Write_data_)
0x03A4	0x6E48      	MOVWF       _UART_Wr_Ptr+3 
;__Lib_UART_c67d67.c,24 :: 		
0x03A6	0x0E24      	MOVLW       _UART1_Read
0x03A8	0x6E41      	MOVWF       _UART_Rd_Ptr 
0x03AA	0x0E03      	MOVLW       hi_addr(_UART1_Read)
0x03AC	0x6E42      	MOVWF       _UART_Rd_Ptr+1 
0x03AE	0x0E00      	MOVLW       0
0x03B0	0x6E43      	MOVWF       _UART_Rd_Ptr+2 
0x03B2	0x0E00      	MOVLW       0
0x03B4	0x6E44      	MOVWF       _UART_Rd_Ptr+3 
;__Lib_UART_c67d67.c,25 :: 		
0x03B6	0x0EFF      	MOVLW       _UART1_Data_Ready
0x03B8	0x6E4D      	MOVWF       _UART_Rdy_Ptr 
0x03BA	0x0EFF      	MOVLW       hi_addr(_UART1_Data_Ready)
0x03BC	0x6E4E      	MOVWF       _UART_Rdy_Ptr+1 
0x03BE	0x0E00      	MOVLW       0
0x03C0	0x6E4F      	MOVWF       _UART_Rdy_Ptr+2 
0x03C2	0x0E00      	MOVLW       0
0x03C4	0x6E50      	MOVWF       _UART_Rdy_Ptr+3 
;__Lib_UART_c67d67.c,26 :: 		
0x03C6	0x0EFF      	MOVLW       _UART1_Tx_Idle
0x03C8	0x6E49      	MOVWF       _UART_Tx_Idle_Ptr 
0x03CA	0x0EFF      	MOVLW       hi_addr(_UART1_Tx_Idle)
0x03CC	0x6E4A      	MOVWF       _UART_Tx_Idle_Ptr+1 
0x03CE	0x0E00      	MOVLW       0
0x03D0	0x6E4B      	MOVWF       _UART_Tx_Idle_Ptr+2 
0x03D2	0x0E00      	MOVLW       0
0x03D4	0x6E4C      	MOVWF       _UART_Tx_Idle_Ptr+3 
;__Lib_UART_c67d67.c,28 :: 		
0x03D6	0x8AAC      	BSF         TXSTA, 5 
;__Lib_UART_c67d67.c,29 :: 		
0x03D8	0x0E90      	MOVLW       144
0x03DA	0x6EAB      	MOVWF       RCSTA 
;__Lib_UART_c67d67.c,30 :: 		
0x03DC	0x8E94      	BSF         TRISC7_bit, BitPos(TRISC7_bit+0) 
;__Lib_UART_c67d67.c,31 :: 		
0x03DE	0x9C94      	BCF         TRISC6_bit, BitPos(TRISC6_bit+0) 
;__Lib_UART_c67d67.c,33 :: 		
L_UART1_Init0:
0x03E0	0xAA9E      	BTFSS       PIR1, 5 
0x03E2	0xD003      	BRA         L_UART1_Init1
;__Lib_UART_c67d67.c,34 :: 		
0x03E4	0xF000CFAE  	MOVFF       RCREG, R0
0x03E8	0xD7FB      	BRA         L_UART1_Init0
L_UART1_Init1:
;__Lib_UART_c67d67.c,35 :: 		
L_end_UART1_Init:
0x03EA	0x0012      	RETURN      0
; end of _UART1_Init
_ByteToStr:
;__Lib_Conversions.c,66 :: 		
;__Lib_Conversions.c,69 :: 		
0x03EC	0x0103      	MOVLB       3
0x03EE	0x6B63      	CLRF        ByteToStr_DigitPos_L0, 1
L_ByteToStr0:
0x03F0	0x0E03      	MOVLW       3
0x03F2	0x5D63      	SUBWF       ByteToStr_DigitPos_L0, 0, 1
0x03F4	0xE20A      	BC          L_ByteToStr1
;__Lib_Conversions.c,70 :: 		
0x03F6	0x5163      	MOVF        ByteToStr_DigitPos_L0, 0, 1
0x03F8	0x2561      	ADDWF       FARG_ByteToStr_output, 0, 1
0x03FA	0x6EE1      	MOVWF       FSR1L 
0x03FC	0x0E00      	MOVLW       0
0x03FE	0x2162      	ADDWFC      FARG_ByteToStr_output+1, 0, 1
0x0400	0x6EE2      	MOVWF       FSR1H 
0x0402	0x0E20      	MOVLW       32
0x0404	0x6EE6      	MOVWF       POSTINC1 
;__Lib_Conversions.c,69 :: 		
0x0406	0x2B63      	INCF        ByteToStr_DigitPos_L0, 1, 1
;__Lib_Conversions.c,70 :: 		
0x0408	0xD7F3      	BRA         L_ByteToStr0
L_ByteToStr1:
;__Lib_Conversions.c,72 :: 		
0x040A	0x5163      	MOVF        ByteToStr_DigitPos_L0, 0, 1
0x040C	0x2561      	ADDWF       FARG_ByteToStr_output, 0, 1
0x040E	0x6EE1      	MOVWF       FSR1L 
0x0410	0x0E00      	MOVLW       0
0x0412	0x2162      	ADDWFC      FARG_ByteToStr_output+1, 0, 1
0x0414	0x6EE2      	MOVWF       FSR1H 
0x0416	0x6AE6      	CLRF        POSTINC1 
0x0418	0x0763      	DECF        ByteToStr_DigitPos_L0, 1, 1
;__Lib_Conversions.c,74 :: 		
L_ByteToStr3:
;__Lib_Conversions.c,75 :: 		
0x041A	0x5163      	MOVF        ByteToStr_DigitPos_L0, 0, 1
0x041C	0x2561      	ADDWF       FARG_ByteToStr_output, 0, 1
0x041E	0x6F64      	MOVWF       FLOC__ByteToStr, 1
0x0420	0x0E00      	MOVLW       0
0x0422	0x2162      	ADDWFC      FARG_ByteToStr_output+1, 0, 1
0x0424	0x6F65      	MOVWF       FLOC__ByteToStr+1, 1
0x0426	0x0E0A      	MOVLW       10
0x0428	0x6E04      	MOVWF       R4 
0x042A	0xF000C360  	MOVFF       FARG_ByteToStr_input, R0
0x042E	0xDE6D      	RCALL       _Div_8x8_U
0x0430	0xF000C008  	MOVFF       R8, R0
0x0434	0x0E30      	MOVLW       48
0x0436	0x2600      	ADDWF       R0, 1 
0x0438	0xFFE1C364  	MOVFF       FLOC__ByteToStr, FSR1L
0x043C	0xFFE2C365  	MOVFF       FLOC__ByteToStr+1, FSR1H
0x0440	0xFFE6C000  	MOVFF       R0, POSTINC1
;__Lib_Conversions.c,76 :: 		
0x0444	0x0E0A      	MOVLW       10
0x0446	0x6E04      	MOVWF       R4 
0x0448	0xF000C360  	MOVFF       FARG_ByteToStr_input, R0
0x044C	0xDE5E      	RCALL       _Div_8x8_U
0x044E	0xF360C000  	MOVFF       R0, FARG_ByteToStr_input
;__Lib_Conversions.c,77 :: 		
0x0452	0x5000      	MOVF        R0, 0 
0x0454	0x0A00      	XORLW       0
0x0456	0xE101      	BNZ         L_ByteToStr5
;__Lib_Conversions.c,78 :: 		
0x0458	0xD002      	BRA         L_ByteToStr4
L_ByteToStr5:
;__Lib_Conversions.c,79 :: 		
0x045A	0x0763      	DECF        ByteToStr_DigitPos_L0, 1, 1
;__Lib_Conversions.c,80 :: 		
0x045C	0xD7DE      	BRA         L_ByteToStr3
L_ByteToStr4:
;__Lib_Conversions.c,81 :: 		
L_end_ByteToStr:
0x045E	0x0012      	RETURN      0
; end of _ByteToStr
_strstr:
;__Lib_CString.c,280 :: 		
;__Lib_CString.c,281 :: 		
L_strstr70:
0x0460	0x0E00      	MOVLW       0
0x0462	0x0103      	MOVLB       3
0x0464	0x1961      	XORWF       FARG_strstr_s1+1, 0, 1
0x0466	0xE102      	BNZ         L__strstr112
0x0468	0x0E00      	MOVLW       0
0x046A	0x1960      	XORWF       FARG_strstr_s1, 0, 1
L__strstr112:
0x046C	0xE034      	BZ          L_strstr71
0x046E	0xFFE9C360  	MOVFF       FARG_strstr_s1, FSR0L
0x0472	0xFFEAC361  	MOVFF       FARG_strstr_s1+1, FSR0H
0x0476	0x52EE      	MOVF        POSTINC0, 1 
0x0478	0xE02E      	BZ          L_strstr71
L__strstr86:
;__Lib_CString.c,282 :: 		
0x047A	0xF366C362  	MOVFF       FARG_strstr_s2, FARG_strlen_s
0x047E	0xF367C363  	MOVFF       FARG_strstr_s2+1, FARG_strlen_s+1
0x0482	0xDE59      	RCALL       _strlen
0x0484	0xF36AC000  	MOVFF       R0, FARG_strncmp_len
0x0488	0xF366C360  	MOVFF       FARG_strstr_s1, FARG_strncmp_s1
0x048C	0xF367C361  	MOVFF       FARG_strstr_s1+1, FARG_strncmp_s1+1
0x0490	0xF368C362  	MOVFF       FARG_strstr_s2, FARG_strncmp_s2
0x0494	0xF369C363  	MOVFF       FARG_strstr_s2+1, FARG_strncmp_s2+1
0x0498	0xDE6B      	RCALL       _strncmp
0x049A	0x0E00      	MOVLW       0
0x049C	0x1801      	XORWF       R1, 0 
0x049E	0xE102      	BNZ         L__strstr113
0x04A0	0x0E00      	MOVLW       0
0x04A2	0x1800      	XORWF       R0, 0 
L__strstr113:
0x04A4	0xE105      	BNZ         L_strstr74
;__Lib_CString.c,283 :: 		
0x04A6	0xF000C360  	MOVFF       FARG_strstr_s1, R0
0x04AA	0xF001C361  	MOVFF       FARG_strstr_s1+1, R1
0x04AE	0xD015      	BRA         L_end_strstr
L_strstr74:
;__Lib_CString.c,284 :: 		
0x04B0	0x0E01      	MOVLW       1
0x04B2	0x0103      	MOVLB       3
0x04B4	0x2560      	ADDWF       FARG_strstr_s1, 0, 1
0x04B6	0x6F66      	MOVWF       FARG_strchr_ptr, 1
0x04B8	0x0E00      	MOVLW       0
0x04BA	0x2161      	ADDWFC      FARG_strstr_s1+1, 0, 1
0x04BC	0x6F67      	MOVWF       FARG_strchr_ptr+1, 1
0x04BE	0xFFE9C362  	MOVFF       FARG_strstr_s2, FSR0L
0x04C2	0xFFEAC363  	MOVFF       FARG_strstr_s2+1, FSR0H
0x04C6	0xF368CFEE  	MOVFF       POSTINC0, FARG_strchr_chr
0x04CA	0xDE83      	RCALL       _strchr
0x04CC	0xF360C000  	MOVFF       R0, FARG_strstr_s1
0x04D0	0xF361C001  	MOVFF       R1, FARG_strstr_s1+1
;__Lib_CString.c,285 :: 		
0x04D4	0xD7C5      	BRA         L_strstr70
L_strstr71:
;__Lib_CString.c,286 :: 		
0x04D6	0x6A00      	CLRF        R0 
0x04D8	0x6A01      	CLRF        R1 
;__Lib_CString.c,287 :: 		
L_end_strstr:
0x04DA	0x0012      	RETURN      0
; end of _strstr
_Lcd_Out_CP:
;__Lib_Lcd.c,57 :: 		
;__Lib_Lcd.c,59 :: 		
0x04DC	0x0103      	MOVLB       3
0x04DE	0x6B62      	CLRF        Lcd_Out_CP_i_L0, 1
;__Lib_Lcd.c,60 :: 		
L_Lcd_Out_CP2:
0x04E0	0x5162      	MOVF        Lcd_Out_CP_i_L0, 0, 1
0x04E2	0x2560      	ADDWF       FARG_Lcd_Out_CP_text, 0, 1
0x04E4	0x6EE9      	MOVWF       FSR0L 
0x04E6	0x0E00      	MOVLW       0
0x04E8	0x2161      	ADDWFC      FARG_Lcd_Out_CP_text+1, 0, 1
0x04EA	0x6EEA      	MOVWF       FSR0H 
0x04EC	0x52EE      	MOVF        POSTINC0, 1 
0x04EE	0xE00B      	BZ          L_Lcd_Out_CP3
;__Lib_Lcd.c,61 :: 		
0x04F0	0x5162      	MOVF        Lcd_Out_CP_i_L0, 0, 1
0x04F2	0x2560      	ADDWF       FARG_Lcd_Out_CP_text, 0, 1
0x04F4	0x6EE9      	MOVWF       FSR0L 
0x04F6	0x0E00      	MOVLW       0
0x04F8	0x2161      	ADDWFC      FARG_Lcd_Out_CP_text+1, 0, 1
0x04FA	0x6EEA      	MOVWF       FSR0H 
0x04FC	0xF366CFEE  	MOVFF       POSTINC0, FARG_Lcd_Chr_CP_out_char
0x0500	0xDE13      	RCALL       _Lcd_Chr_CP
0x0502	0x2B62      	INCF        Lcd_Out_CP_i_L0, 1, 1
;__Lib_Lcd.c,62 :: 		
0x0504	0xD7ED      	BRA         L_Lcd_Out_CP2
L_Lcd_Out_CP3:
;__Lib_Lcd.c,63 :: 		
L_end_Lcd_Out_CP:
0x0506	0x0012      	RETURN      0
; end of _Lcd_Out_CP
_main:
0x0508	0xF003EC97  	CALL        1838, 0
;GPS Clock.c,36 :: 		void main(){
;GPS Clock.c,37 :: 		ANSELB = 0;                        // Configure PORTB pins as digital
0x050C	0x010F      	MOVLB       15
0x050E	0x6B39      	CLRF        ANSELB, 1
;GPS Clock.c,38 :: 		ANSELD=0;
0x0510	0x6B3B      	CLRF        ANSELD, 1
;GPS Clock.c,39 :: 		ANSELC=0;
0x0512	0x6B3A      	CLRF        ANSELC, 1
;GPS Clock.c,41 :: 		Lcd_Init();                        // Initialize Lcd
0x0514	0xDE7C      	RCALL       _Lcd_Init
;GPS Clock.c,43 :: 		Lcd_Cmd(_LCD_CLEAR);               // Clear display
0x0516	0x0E01      	MOVLW       1
0x0518	0x6F6B      	MOVWF       FARG_Lcd_Cmd_out_char, 1
0x051A	0xDDB8      	RCALL       _Lcd_Cmd
;GPS Clock.c,44 :: 		Lcd_Cmd(_LCD_CURSOR_OFF);          // Cursor off
0x051C	0x0E0C      	MOVLW       12
0x051E	0x6F6B      	MOVWF       FARG_Lcd_Cmd_out_char, 1
0x0520	0xDDB5      	RCALL       _Lcd_Cmd
;GPS Clock.c,45 :: 		Lcd_out(1,1,"GPS Time:");
0x0522	0x0E01      	MOVLW       1
0x0524	0x6F60      	MOVWF       FARG_Lcd_Out_row, 1
0x0526	0x0E01      	MOVLW       1
0x0528	0x6F61      	MOVWF       FARG_Lcd_Out_column, 1
0x052A	0x0E21      	MOVLW       ?lstr1_GPS_32Clock
0x052C	0x6F62      	MOVWF       FARG_Lcd_Out_text, 1
0x052E	0x0E00      	MOVLW       hi_addr(?lstr1_GPS_32Clock)
0x0530	0x6F63      	MOVWF       FARG_Lcd_Out_text+1, 1
0x0532	0xDEB9      	RCALL       _Lcd_Out
;GPS Clock.c,46 :: 		Lcd_out(2,1,"Waiting");
0x0534	0x0E02      	MOVLW       2
0x0536	0x6F60      	MOVWF       FARG_Lcd_Out_row, 1
0x0538	0x0E01      	MOVLW       1
0x053A	0x6F61      	MOVWF       FARG_Lcd_Out_column, 1
0x053C	0x0E19      	MOVLW       ?lstr2_GPS_32Clock
0x053E	0x6F62      	MOVWF       FARG_Lcd_Out_text, 1
0x0540	0x0E00      	MOVLW       hi_addr(?lstr2_GPS_32Clock)
0x0542	0x6F63      	MOVWF       FARG_Lcd_Out_text+1, 1
0x0544	0xDEB0      	RCALL       _Lcd_Out
;GPS Clock.c,48 :: 		ready = 0;                       // Initialize variables
0x0546	0x6A3C      	CLRF        _ready 
;GPS Clock.c,49 :: 		i = 0;
0x0548	0x6A3F      	CLRF        _i 
0x054A	0x6A40      	CLRF        _i+1 
;GPS Clock.c,51 :: 		UART1_Init(9600);                // Initialize UART module at 9600
0x054C	0x86B8      	BSF         BAUDCON, 3, 0
0x054E	0x0E03      	MOVLW       3
0x0550	0x6EB0      	MOVWF       SPBRGH 
0x0552	0x0E40      	MOVLW       64
0x0554	0x6EAF      	MOVWF       SPBRG 
0x0556	0x84AC      	BSF         TXSTA, 2, 0
0x0558	0xDF1E      	RCALL       _UART1_Init
;GPS Clock.c,53 :: 		RC1IE_bit = 1;                   // Enable USART Receiver interrupt
0x055A	0x8A9D      	BSF         RC1IE_bit, BitPos(RC1IE_bit+0) 
;GPS Clock.c,54 :: 		GIE_bit = 1;                     // Enable Global interrupt
0x055C	0x8EF2      	BSF         GIE_bit, BitPos(GIE_bit+0) 
;GPS Clock.c,55 :: 		PEIE_bit = 1;                    // Enable Peripheral interrupt
0x055E	0x8CF2      	BSF         PEIE_bit, BitPos(PEIE_bit+0) 
;GPS Clock.c,57 :: 		while(1) {
L_main2:
;GPS Clock.c,58 :: 		OERR1_bit = 0;                 // Set OERR to 0  overrun error bit in uart
0x0560	0x92AB      	BCF         OERR1_bit, BitPos(OERR1_bit+0) 
;GPS Clock.c,59 :: 		FERR1_bit = 0;                 // Set FERR to 0  framming error bit in uart
0x0562	0x94AB      	BCF         FERR1_bit, BitPos(FERR1_bit+0) 
;GPS Clock.c,61 :: 		if(ready == 1) {               // If the data in txt array is ready do:
0x0564	0x503C      	MOVF        _ready, 0 
0x0566	0x0A01      	XORLW       1
0x0568	0xA4D8      	BTFSS       STATUS, 2 
0x056A	0xD0CD      	BRA         L_main4
;GPS Clock.c,62 :: 		ready = 0;
0x056C	0x6A3C      	CLRF        _ready 
;GPS Clock.c,63 :: 		string = strstr(txt,"$GPGLL");   //locates the first position of $GPGLL in txt
0x056E	0x0E51      	MOVLW       _txt
0x0570	0x0103      	MOVLB       3
0x0572	0x6F60      	MOVWF       FARG_strstr_s1, 1
0x0574	0x0E00      	MOVLW       hi_addr(_txt)
0x0576	0x6F61      	MOVWF       FARG_strstr_s1+1, 1
0x0578	0x0E2B      	MOVLW       ?lstr3_GPS_32Clock
0x057A	0x6F62      	MOVWF       FARG_strstr_s2, 1
0x057C	0x0E00      	MOVLW       hi_addr(?lstr3_GPS_32Clock)
0x057E	0x6F63      	MOVWF       FARG_strstr_s2+1, 1
0x0580	0xDF6F      	RCALL       _strstr
0x0582	0xF03DC000  	MOVFF       R0, _string
0x0586	0xF03EC001  	MOVFF       R1, _string+1
;GPS Clock.c,64 :: 		if(string != 0) {            // If txt array contains "$GPGLL" string we proceed...
0x058A	0x0E00      	MOVLW       0
0x058C	0x1801      	XORWF       R1, 0 
0x058E	0xE102      	BNZ         L__main11
0x0590	0x0E00      	MOVLW       0
0x0592	0x1800      	XORWF       R0, 0 
L__main11:
0x0594	0xB4D8      	BTFSC       STATUS, 2 
0x0596	0xD0B7      	BRA         L_main5
;GPS Clock.c,65 :: 		if(string[7] != ',') {     // If "$GPGLL" NMEA message have ',' sign in the 8-th
0x0598	0x0E07      	MOVLW       7
0x059A	0x243D      	ADDWF       _string, 0 
0x059C	0x6EE9      	MOVWF       FSR0L 
0x059E	0x0E00      	MOVLW       0
0x05A0	0x203E      	ADDWFC      _string+1, 0 
0x05A2	0x6EEA      	MOVWF       FSR0H 
0x05A4	0x50EE      	MOVF        POSTINC0, 0 
0x05A6	0x0A2C      	XORLW       44
0x05A8	0xB4D8      	BTFSC       STATUS, 2 
0x05AA	0xD0AD      	BRA         L_main6
;GPS Clock.c,68 :: 		hour = (string[31]-48)*100 + (string[32]-48)*10 + (string[33]-48) + 3;
0x05AC	0x0E1F      	MOVLW       31
0x05AE	0x243D      	ADDWF       _string, 0 
0x05B0	0x6EE9      	MOVWF       FSR0L 
0x05B2	0x0E00      	MOVLW       0
0x05B4	0x203E      	ADDWFC      _string+1, 0 
0x05B6	0x6EEA      	MOVWF       FSR0H 
0x05B8	0x0E30      	MOVLW       48
0x05BA	0x5CEE      	SUBWF       POSTINC0, 0 
0x05BC	0x6E00      	MOVWF       R0 
0x05BE	0x6A01      	CLRF        R1 
0x05C0	0x0E00      	MOVLW       0
0x05C2	0x5A01      	SUBWFB      R1, 1 
0x05C4	0x0E64      	MOVLW       100
0x05C6	0x6E04      	MOVWF       R4 
0x05C8	0x0E00      	MOVLW       0
0x05CA	0x6E05      	MOVWF       R5 
0x05CC	0xDEBC      	RCALL       _Mul_16x16_U
0x05CE	0xF35EC000  	MOVFF       R0, FLOC__main
0x05D2	0xF35FC001  	MOVFF       R1, FLOC__main+1
0x05D6	0x0E20      	MOVLW       32
0x05D8	0x243D      	ADDWF       _string, 0 
0x05DA	0x6EE9      	MOVWF       FSR0L 
0x05DC	0x0E00      	MOVLW       0
0x05DE	0x203E      	ADDWFC      _string+1, 0 
0x05E0	0x6EEA      	MOVWF       FSR0H 
0x05E2	0x0E30      	MOVLW       48
0x05E4	0x5CEE      	SUBWF       POSTINC0, 0 
0x05E6	0x6E00      	MOVWF       R0 
0x05E8	0x6A01      	CLRF        R1 
0x05EA	0x0E00      	MOVLW       0
0x05EC	0x5A01      	SUBWFB      R1, 1 
0x05EE	0x0E0A      	MOVLW       10
0x05F0	0x6E04      	MOVWF       R4 
0x05F2	0x0E00      	MOVLW       0
0x05F4	0x6E05      	MOVWF       R5 
0x05F6	0xDEA7      	RCALL       _Mul_16x16_U
0x05F8	0x5000      	MOVF        R0, 0 
0x05FA	0x0103      	MOVLB       3
0x05FC	0x255E      	ADDWF       FLOC__main, 0, 1
0x05FE	0x6F53      	MOVWF       _hour, 1
0x0600	0x5001      	MOVF        R1, 0 
0x0602	0x215F      	ADDWFC      FLOC__main+1, 0, 1
0x0604	0x6F54      	MOVWF       _hour+1, 1
0x0606	0x0E21      	MOVLW       33
0x0608	0x243D      	ADDWF       _string, 0 
0x060A	0x6E02      	MOVWF       R2 
0x060C	0x0E00      	MOVLW       0
0x060E	0x203E      	ADDWFC      _string+1, 0 
0x0610	0x6E03      	MOVWF       R3 
0x0612	0xFFE9C002  	MOVFF       R2, FSR0L
0x0616	0xFFEAC003  	MOVFF       R3, FSR0H
0x061A	0x0E30      	MOVLW       48
0x061C	0x5CEE      	SUBWF       POSTINC0, 0 
0x061E	0x6E00      	MOVWF       R0 
0x0620	0x6A01      	CLRF        R1 
0x0622	0x0E00      	MOVLW       0
0x0624	0x5A01      	SUBWFB      R1, 1 
0x0626	0x5000      	MOVF        R0, 0 
0x0628	0x2753      	ADDWF       _hour, 1, 1
0x062A	0x5001      	MOVF        R1, 0 
0x062C	0x2354      	ADDWFC      _hour+1, 1, 1
0x062E	0x0E03      	MOVLW       3
0x0630	0x2753      	ADDWF       _hour, 1, 1
0x0632	0x0E00      	MOVLW       0
0x0634	0x2354      	ADDWFC      _hour+1, 1, 1
;GPS Clock.c,69 :: 		minute = (string[33]-48)*100 + (string[34]-48)*10 + (string[35]-48);
0x0636	0xFFE9C002  	MOVFF       R2, FSR0L
0x063A	0xFFEAC003  	MOVFF       R3, FSR0H
0x063E	0x0E30      	MOVLW       48
0x0640	0x5CEE      	SUBWF       POSTINC0, 0 
0x0642	0x6E00      	MOVWF       R0 
0x0644	0x6A01      	CLRF        R1 
0x0646	0x0E00      	MOVLW       0
0x0648	0x5A01      	SUBWFB      R1, 1 
0x064A	0x0E64      	MOVLW       100
0x064C	0x6E04      	MOVWF       R4 
0x064E	0x0E00      	MOVLW       0
0x0650	0x6E05      	MOVWF       R5 
0x0652	0xDE79      	RCALL       _Mul_16x16_U
0x0654	0xF35EC000  	MOVFF       R0, FLOC__main
0x0658	0xF35FC001  	MOVFF       R1, FLOC__main+1
0x065C	0x0E22      	MOVLW       34
0x065E	0x243D      	ADDWF       _string, 0 
0x0660	0x6EE9      	MOVWF       FSR0L 
0x0662	0x0E00      	MOVLW       0
0x0664	0x203E      	ADDWFC      _string+1, 0 
0x0666	0x6EEA      	MOVWF       FSR0H 
0x0668	0x0E30      	MOVLW       48
0x066A	0x5CEE      	SUBWF       POSTINC0, 0 
0x066C	0x6E00      	MOVWF       R0 
0x066E	0x6A01      	CLRF        R1 
0x0670	0x0E00      	MOVLW       0
0x0672	0x5A01      	SUBWFB      R1, 1 
0x0674	0x0E0A      	MOVLW       10
0x0676	0x6E04      	MOVWF       R4 
0x0678	0x0E00      	MOVLW       0
0x067A	0x6E05      	MOVWF       R5 
0x067C	0xDE64      	RCALL       _Mul_16x16_U
0x067E	0x5000      	MOVF        R0, 0 
0x0680	0x255E      	ADDWF       FLOC__main, 0, 1
0x0682	0x6F51      	MOVWF       _minute, 1
0x0684	0x5001      	MOVF        R1, 0 
0x0686	0x215F      	ADDWFC      FLOC__main+1, 0, 1
0x0688	0x6F52      	MOVWF       _minute+1, 1
0x068A	0x0E23      	MOVLW       35
0x068C	0x243D      	ADDWF       _string, 0 
0x068E	0x6EE9      	MOVWF       FSR0L 
0x0690	0x0E00      	MOVLW       0
0x0692	0x203E      	ADDWFC      _string+1, 0 
0x0694	0x6EEA      	MOVWF       FSR0H 
0x0696	0x0E30      	MOVLW       48
0x0698	0x5CEE      	SUBWF       POSTINC0, 0 
0x069A	0x6E00      	MOVWF       R0 
0x069C	0x6A01      	CLRF        R1 
0x069E	0x0E00      	MOVLW       0
0x06A0	0x5A01      	SUBWFB      R1, 1 
0x06A2	0x5000      	MOVF        R0, 0 
0x06A4	0x2751      	ADDWF       _minute, 1, 1
0x06A6	0x5001      	MOVF        R1, 0 
0x06A8	0x2352      	ADDWFC      _minute+1, 1, 1
;GPS Clock.c,71 :: 		ByteToStr(hour, hh);
0x06AA	0xF360C353  	MOVFF       _hour, FARG_ByteToStr_input
0x06AE	0x0E59      	MOVLW       _hh
0x06B0	0x6F61      	MOVWF       FARG_ByteToStr_output, 1
0x06B2	0x0E03      	MOVLW       hi_addr(_hh)
0x06B4	0x6F62      	MOVWF       FARG_ByteToStr_output+1, 1
0x06B6	0xDE9A      	RCALL       _ByteToStr
;GPS Clock.c,72 :: 		ByteToStr(minute, mm);
0x06B8	0xF360C351  	MOVFF       _minute, FARG_ByteToStr_input
0x06BC	0x0E55      	MOVLW       _mm
0x06BE	0x6F61      	MOVWF       FARG_ByteToStr_output, 1
0x06C0	0x0E03      	MOVLW       hi_addr(_mm)
0x06C2	0x6F62      	MOVWF       FARG_ByteToStr_output+1, 1
0x06C4	0xDE93      	RCALL       _ByteToStr
;GPS Clock.c,74 :: 		Lcd_Cmd(_LCD_CLEAR);
0x06C6	0x0E01      	MOVLW       1
0x06C8	0x6F6B      	MOVWF       FARG_Lcd_Cmd_out_char, 1
0x06CA	0xDCE0      	RCALL       _Lcd_Cmd
;GPS Clock.c,75 :: 		Lcd_Cmd(_LCD_CURSOR_OFF);
0x06CC	0x0E0C      	MOVLW       12
0x06CE	0x6F6B      	MOVWF       FARG_Lcd_Cmd_out_char, 1
0x06D0	0xDCDD      	RCALL       _Lcd_Cmd
;GPS Clock.c,76 :: 		Lcd_out(1,1,"GPS Time:");
0x06D2	0x0E01      	MOVLW       1
0x06D4	0x6F60      	MOVWF       FARG_Lcd_Out_row, 1
0x06D6	0x0E01      	MOVLW       1
0x06D8	0x6F61      	MOVWF       FARG_Lcd_Out_column, 1
0x06DA	0x0E32      	MOVLW       ?lstr4_GPS_32Clock
0x06DC	0x6F62      	MOVWF       FARG_Lcd_Out_text, 1
0x06DE	0x0E00      	MOVLW       hi_addr(?lstr4_GPS_32Clock)
0x06E0	0x6F63      	MOVWF       FARG_Lcd_Out_text+1, 1
0x06E2	0xDDE1      	RCALL       _Lcd_Out
;GPS Clock.c,77 :: 		Lcd_out(2,1,hh);
0x06E4	0x0E02      	MOVLW       2
0x06E6	0x6F60      	MOVWF       FARG_Lcd_Out_row, 1
0x06E8	0x0E01      	MOVLW       1
0x06EA	0x6F61      	MOVWF       FARG_Lcd_Out_column, 1
0x06EC	0x0E59      	MOVLW       _hh
0x06EE	0x6F62      	MOVWF       FARG_Lcd_Out_text, 1
0x06F0	0x0E03      	MOVLW       hi_addr(_hh)
0x06F2	0x6F63      	MOVWF       FARG_Lcd_Out_text+1, 1
0x06F4	0xDDD8      	RCALL       _Lcd_Out
;GPS Clock.c,78 :: 		Lcd_Chr_Cp(':');
0x06F6	0x0E3A      	MOVLW       58
0x06F8	0x6F66      	MOVWF       FARG_Lcd_Chr_CP_out_char, 1
0x06FA	0xDD16      	RCALL       _Lcd_Chr_CP
;GPS Clock.c,79 :: 		Lcd_out_Cp(mm);
0x06FC	0x0E55      	MOVLW       _mm
0x06FE	0x6F60      	MOVWF       FARG_Lcd_Out_CP_text, 1
0x0700	0x0E03      	MOVLW       hi_addr(_mm)
0x0702	0x6F61      	MOVWF       FARG_Lcd_Out_CP_text+1, 1
0x0704	0xDEEB      	RCALL       _Lcd_Out_CP
;GPS Clock.c,82 :: 		}
L_main6:
;GPS Clock.c,83 :: 		}
L_main5:
;GPS Clock.c,84 :: 		}
L_main4:
;GPS Clock.c,85 :: 		}
0x0706	0xD72C      	BRA         L_main2
;GPS Clock.c,86 :: 		}
L_end_main:
0x0708	0xD7FF      	BRA         $+0
; end of _main
0x072E	0xF019EE10  	LFSR        1, 25
0x0732	0x0E23      	MOVLW       35
0x0734	0x6E00      	MOVWF       R0 
0x0736	0x0E01      	MOVLW       1
0x0738	0x6E01      	MOVWF       R1 
0x073A	0x0E0A      	MOVLW       10
0x073C	0x6EF6      	MOVWF       4086 
0x073E	0x0E07      	MOVLW       7
0x0740	0x6EF7      	MOVWF       TBLPTRH 
0x0742	0x0E00      	MOVLW       0
0x0744	0x6EF8      	MOVWF       TBLPTRU 
0x0746	0xF001EC9B  	CALL        822, 0
0x074A	0x0012      	RETURN      0
;GPS Clock.c,0 :: ?ICS?lstr2_GPS_32Clock
0x070A	0x6157 ;?ICS?lstr2_GPS_32Clock+0
0x070C	0x7469 ;?ICS?lstr2_GPS_32Clock+2
0x070E	0x6E69 ;?ICS?lstr2_GPS_32Clock+4
0x0710	0x0067 ;?ICS?lstr2_GPS_32Clock+6
; end of ?ICS?lstr2_GPS_32Clock
;GPS Clock.c,0 :: ?ICS?lstr1_GPS_32Clock
0x0712	0x5047 ;?ICS?lstr1_GPS_32Clock+0
0x0714	0x2053 ;?ICS?lstr1_GPS_32Clock+2
0x0716	0x6954 ;?ICS?lstr1_GPS_32Clock+4
0x0718	0x656D ;?ICS?lstr1_GPS_32Clock+6
0x071A	0x003A ;?ICS?lstr1_GPS_32Clock+8
; end of ?ICS?lstr1_GPS_32Clock
;GPS Clock.c,0 :: ?ICS?lstr3_GPS_32Clock
0x071C	0x4724 ;?ICS?lstr3_GPS_32Clock+0
0x071E	0x4750 ;?ICS?lstr3_GPS_32Clock+2
0x0720	0x4C4C ;?ICS?lstr3_GPS_32Clock+4
0x0722	0x00 ;?ICS?lstr3_GPS_32Clock+6
; end of ?ICS?lstr3_GPS_32Clock
;GPS Clock.c,0 :: ?ICS?lstr4_GPS_32Clock
0x0723	0x5047 ;?ICS?lstr4_GPS_32Clock+0
0x0725	0x2053 ;?ICS?lstr4_GPS_32Clock+2
0x0727	0x6954 ;?ICS?lstr4_GPS_32Clock+4
0x0729	0x656D ;?ICS?lstr4_GPS_32Clock+6
0x072B	0x003A ;?ICS?lstr4_GPS_32Clock+8
; end of ?ICS?lstr4_GPS_32Clock
Symbol List:
//** Routines locations **
//ADDRESS    SIZE    PROCEDURE
//----------------------------------------------
0x0008      [92]    _interrupt
0x0064      [10]    _Delay_50us
0x006E      [18]    _Delay_5500us
0x0080      [12]    _Delay_1us
0x008C     [126]    _Lcd_Cmd
0x010A      [30]    _Div_8x8_U
0x0128      [14]    _Lcd_Chr_CP
0x0136      [58]    _strlen
0x0170      [98]    _strncmp
0x01D2      [60]    _strchr
0x020E     [152]    _Lcd_Init
0x02A6     [126]    _Lcd_Out
0x0324      [18]    _UART1_Read
0x0336      [16]    ___CC2DW
0x0346      [80]    _Mul_16x16_U
0x0396      [86]    _UART1_Init
0x03EC     [116]    _ByteToStr
0x0460     [124]    _strstr
0x04DC      [44]    _Lcd_Out_CP
0x0508     [514]    _main
//** Variables locations ** 
//ADDRESS    SIZE    VARIABLE
//----------------------------------------------
0x0000       [1]    UART1_Init_tmp_L0
0x0000       [1]    R0
0x0000       [1]    UART2_Init_tmp_L0
0x0001       [1]    R1
0x0001       [1]    UART2_Read___tmp_UART2_Read_L0
0x0001       [1]    UART1_Read___tmp_UART1_Read_L0
0x0002       [2]    memset_pp_L0
0x0002       [1]    R2
0x0002       [2]    memchr_s_L0
0x0002       [2]    strlen_cp_L0
0x0002       [2]    memcpy_dd_L0
0x0003       [2]    memmove_tt_L0
0x0003       [2]    Ltrim_original_L0
0x0003       [1]    R3
0x0004       [1]    R4
0x0004       [2]    strcpy_cp_L0
0x0004       [2]    strcat_cp_L0
0x0004       [2]    memcpy_ss_L0
0x0004       [2]    strncat_cp_L0
0x0004       [2]    strncpy_cp_L0
0x0005       [2]    LongWordToHex_input_half_L0
0x0005       [2]    LongIntToHex_input_half_L0
0x0005       [1]    R5
0x0005       [2]    memmove_ff_L0
0x0005       [2]    Ltrim_p_L0
0x0006       [1]    R6
0x0007       [1]    R7
0x0008       [1]    R8
0x0009       [1]    R9
0x000A       [1]    R10
0x000B       [1]    R11
0x000C       [1]    R12
0x000D       [1]    R13
0x000E       [1]    R14
0x000F       [1]    R15
0x0010       [1]    R16
0x0011       [1]    R17
0x0012       [1]    R18
0x0013       [1]    R19
0x0014       [1]    R20
0x0019       [8]    ?lstr2_GPS_32Clock
0x0021      [10]    ?lstr1_GPS_32Clock
0x002B       [7]    ?lstr3_GPS_32Clock
0x0032      [10]    ?lstr4_GPS_32Clock
0x003C       [1]    _ready
0x003D       [2]    _string
0x003F       [2]    _i
0x0041       [4]    _UART_Rd_Ptr
0x0045       [4]    _UART_Wr_Ptr
0x0049       [4]    _UART_Tx_Idle_Ptr
0x004D       [4]    _UART_Rdy_Ptr
0x0051     [768]    _txt
0x0351       [2]    _minute
0x0353       [2]    _hour
0x0355       [4]    _mm
0x0359       [4]    _hh
0x035D       [0]    __Lib_Lcd_cmd_status
0x035E       [2]    FLOC__main
0x0360       [2]    FARG_Lcd_Out_CP_text
0x0360       [1]    FARG_Lcd_Out_row
0x0360       [1]    FARG_ByteToStr_input
0x0360       [2]    FARG_strstr_s1
0x0361       [1]    FARG_Lcd_Out_column
0x0361       [2]    FARG_ByteToStr_output
0x0362       [1]    Lcd_Out_CP_i_L0
0x0362       [2]    FARG_strstr_s2
0x0362       [2]    FARG_Lcd_Out_text
0x0363       [1]    ByteToStr_DigitPos_L0
0x0364       [2]    FLOC__ByteToStr
0x0364       [1]    Lcd_Out_i_L0
0x0366       [2]    FARG_strlen_s
0x0366       [1]    FARG_Lcd_Chr_CP_out_char
0x0366       [2]    FARG_strchr_ptr
0x0366       [2]    FARG_strncmp_s1
0x0368       [2]    FARG_strncmp_s2
0x0368       [1]    FARG_strchr_chr
0x036A       [1]    FARG_strncmp_len
0x036B       [1]    FARG_Lcd_Cmd_out_char
0x036C       [2]    FLOC__interrupt
0x0F39       [1]    ANSELB
0x0F3A       [1]    ANSELC
0x0F3B       [1]    ANSELD
0x0F8A       [0]    LATB4_bit
0x0F8A       [0]    LATB3_bit
0x0F8A       [0]    LATB2_bit
0x0F8A       [0]    LATB5_bit
0x0F8A       [0]    LCD_D5
0x0F8A       [0]    LCD_EN
0x0F8A       [0]    LCD_RS
0x0F8A       [0]    LCD_D7
0x0F8A       [0]    LCD_D6
0x0F8A       [0]    LATB1_bit
0x0F8A       [0]    LATB0_bit
0x0F8A       [0]    LCD_D4
0x0F93       [0]    LCD_EN_Direction
0x0F93       [0]    TRISB4_bit
0x0F93       [0]    LCD_D4_Direction
0x0F93       [0]    TRISB0_bit
0x0F93       [0]    LCD_RS_Direction
0x0F93       [0]    TRISB3_bit
0x0F93       [0]    LCD_D7_Direction
0x0F93       [0]    TRISB1_bit
0x0F93       [0]    LCD_D5_Direction
0x0F93       [0]    LCD_D6_Direction
0x0F93       [0]    TRISB5_bit
0x0F93       [0]    TRISB2_bit
0x0F94       [0]    TRISC7_bit
0x0F94       [0]    TRISC6_bit
0x0F9D       [0]    RC1IE_bit
0x0F9E       [0]    RCIF_bit
0x0F9E       [1]    PIR1
0x0FAB       [0]    OERR1_bit
0x0FAB       [0]    FERR1_bit
0x0FAB       [1]    RCSTA
0x0FAC       [1]    TXSTA
0x0FAE       [1]    RCREG
0x0FAF       [1]    SPBRG
0x0FB0       [1]    SPBRGH
0x0FB8       [1]    BAUDCON
0x0FD8       [1]    STATUS
0x0FD9       [1]    FSR2L
0x0FDA       [1]    FSR2H
0x0FDE       [1]    POSTINC2
0x0FE0       [1]    BSR
0x0FE1       [1]    FSR1L
0x0FE2       [1]    FSR1H
0x0FE4       [1]    PREINC1
0x0FE6       [1]    POSTINC1
0x0FE7       [1]    INDF1
0x0FE8       [1]    WREG
0x0FE9       [1]    FSR0L
0x0FEA       [1]    FSR0H
0x0FEE       [1]    POSTINC0
0x0FF2       [0]    GIE_bit
0x0FF2       [0]    PEIE_bit
0x0FF3       [1]    PRODL
0x0FF4       [1]    PRODH
0x0FF5       [1]    TABLAT
0x0FF6       [1]    TBLPTRL
0x0FF7       [1]    TBLPTRH
0x0FF8       [1]    TBLPTRU
//** Constants locations ** 
//ADDRESS    SIZE    CONSTANT
//----------------------------------------------
0x070A       [8]    ?ICS?lstr2_GPS_32Clock
0x0712      [10]    ?ICS?lstr1_GPS_32Clock
0x071C       [7]    ?ICS?lstr3_GPS_32Clock
0x0723      [10]    ?ICS?lstr4_GPS_32Clock
//** Label List: ** 
//----------------------------------------------
  L_interrupt0
  L_interrupt1
  L_main2
  L_main3
  L_main4
  L_main5
  L_main6
  L_end_interrupt
  _interrupt
  L__interrupt8
  L__interrupt9
  L_end_main
  _main
  L__main11
  L_ByteToStr0
  L_ByteToStr1
  L_ByteToStr2
  L_ByteToStr3
  L_ByteToStr4
  L_ByteToStr5
  L_WordToStr6
  L_WordToStr7
  L_WordToStr8
  L_WordToStr9
  L_WordToStr10
  L_WordToStr11
  L_WordToStrWithZeros12
  L_WordToStrWithZeros13
  L_WordToStrWithZeros14
  L_WordToStrWithZeros15
  L_WordToStrWithZeros16
  L_ShortToStr17
  L_ShortToStr18
  L_ShortToStr19
  L_ShortToStr20
  L_ShortToStr21
  L_ShortToStr22
  L_IntToStr23
  L_IntToStr24
  L_IntToStr25
  L_IntToStr26
  L_IntToStr27
  L_IntToStr28
  L_IntToStrWithZeros29
  L_IntToStrWithZeros30
  L_IntToStrWithZeros31
  L_IntToStrWithZeros32
  L_IntToStrWithZeros33
  L_IntToStrWithZeros34
  L_IntToStrWithZeros35
  L_IntToStrWithZeros36
  L_IntToStrWithZeros37
  L_LongWordToStr38
  L_LongWordToStr39
  L_LongWordToStr40
  L_LongWordToStr41
  L_LongWordToStr42
  L_LongWordToStr43
  L_LongWordToStrWithZeros44
  L_LongWordToStrWithZeros45
  L_LongWordToStrWithZeros46
  L_LongWordToStrWithZeros47
  L_LongWordToStrWithZeros48
  L_LongToStr49
  L_LongToStr50
  L_LongToStr51
  L_LongToStr52
  L_LongToStr53
  L_LongToStr54
  L_LongIntToStrWithZeros55
  L_LongIntToStrWithZeros56
  L_LongIntToStrWithZeros57
  L_LongIntToStrWithZeros58
  L_LongIntToStrWithZeros59
  L_LongIntToStrWithZeros60
  L_LongIntToStrWithZeros61
  L_LongIntToStrWithZeros62
  L_LongIntToStrWithZeros63
  L_Dec2Bcd64
  L_Dec2Bcd65
  L_Rtrim66
  L_Rtrim67
  L_Rtrim68
  L_Rtrim69
  L_Ltrim70
  L_Ltrim71
  L_Ltrim72
  L_Ltrim73
  L_Ltrim74
  L_Ltrim75
  L_FloatToStr76
  L_FloatToStr77
  L_FloatToStr78
  L_FloatToStr79
  L_FloatToStr80
  L_FloatToStr81
  L_FloatToStr82
  L_FloatToStr83
  L_FloatToStr84
  L_FloatToStr85
  L_FloatToStr86
  L_FloatToStr87
  L_FloatToStr88
  L_FloatToStr89
  L_FloatToStr90
  L_FloatToStr91
  L_FloatToStr92
  L_FloatToStr93
  L_FloatToStr94
  L_FloatToStr95
  L_FloatToStr96
  L_FloatToStr97
  L__Rtrim98
  L__Ltrim99
  L__FloatToStr100
  L_end_ByteToHex
  _ByteToHex
  L_end_ShortToHex
  _ShortToHex
  L_end_WordToHex
  _WordToHex
  L_end_IntToHex
  _IntToHex
  L_end_LongWordToHex
  _LongWordToHex
  L_end_LongIntToHex
  _LongIntToHex
  L_end_ByteToStr
  _ByteToStr
  L_end_WordToStr
  _WordToStr
  L__WordToStr109
  L_end_WordToStrWithZeros
  _WordToStrWithZeros
  L__WordToStrWithZeros111
  L_end_ShortToStr
  _ShortToStr
  L__ShortToStr113
  L_end_IntToStr
  _IntToStr
  L__IntToStr115
  L__IntToStr116
  L_end_IntToStrWithZeros
  _IntToStrWithZeros
  L__IntToStrWithZeros118
  L__IntToStrWithZeros119
  L__IntToStrWithZeros120
  L_end_LongWordToStr
  _LongWordToStr
  L__LongWordToStr122
  L__LongWordToStr123
  L_end_LongWordToStrWithZeros
  _LongWordToStrWithZeros
  L__LongWordToStrWithZeros125
  L_end_LongToStr
  _LongToStr
  L__LongToStr127
  L__LongToStr128
  L_end_LongIntToStrWithZeros
  _LongIntToStrWithZeros
  L__LongIntToStrWithZeros130
  L__LongIntToStrWithZeros131
  L__LongIntToStrWithZeros132
  L_end_Dec2Bcd
  _Dec2Bcd
  L_end_Bcd2Dec
  _Bcd2Dec
  L_end_Bcd2Dec16
  _Bcd2Dec16
  L__Bcd2Dec16136
  L__Bcd2Dec16137
  L_end_Dec2Bcd16
  _Dec2Bcd16
  L__Dec2Bcd16139
  L__Dec2Bcd16140
  L_end_Rtrim
  _Rtrim
  L__Rtrim142
  L_end_Ltrim
  _Ltrim
  L_end_FloatToStr
  _FloatToStr
  L__FloatToStr145
  L__FloatToStr146
  L__FloatToStr147
  L__FloatToStr148
  L__FloatToStr149
  L_memchr0
  L_memchr1
  L_memchr2
  L_memchr3
  L_memcmp4
  L_memcmp5
  L_memcmp6
  L_memcpy7
  L_memcpy8
  L_memmove9
  L_memmove10
  L_memmove11
  L_memmove12
  L_memmove13
  L_memmove14
  L_memmove15
  L_memmove16
  L_memmove17
  L_memmove18
  L_memmove19
  L_memset20
  L_memset21
  L_strcat22
  L_strcat23
  L_strcat24
  L_strcat25
  L_strchr26
  L_strchr27
  L_strchr28
  L_strchr29
  L_strcmp30
  L_strcmp31
  L_strcmp32
  L_strcmp33
  L_strcpy34
  L_strcpy35
  L_strlen36
  L_strlen37
  L_strncat38
  L_strncat39
  L_strncat40
  L_strncat41
  L_strncat42
  L_strncat43
  L_strncat44
  L_strncpy45
  L_strncpy46
  L_strncpy47
  L_strncpy48
  L_strncpy49
  L_strspn50
  L_strspn51
  L_strspn52
  L_strspn53
  L_strcspn54
  L_strcspn55
  L_strcspn56
  L_strcspn57
  L_strncmp58
  L_strncmp59
  L_strncmp60
  L_strncmp61
  L_strncmp62
  L_strpbrk63
  L_strpbrk64
  L_strpbrk65
  L_strrchr66
  L_strrchr67
  L_strrchr68
  L_strrchr69
  L_strstr70
  L_strstr71
  L_strstr72
  L_strstr73
  L_strstr74
  L_strtok75
  L_strtok76
  L_strtok77
  L_strtok78
  L_strtok79
  L__memmove80
  L__strcmp81
  L__strncat82
  L__strspn83
  L__strcspn84
  L__strncmp85
  L__strstr86
  L_end_memchr
  _memchr
  L_end_memcmp
  _memcmp
  L__memcmp89
  L_end_memcpy
  _memcpy
  L_end_memmove
  _memmove
  L__memmove92
  L__memmove93
  L_end_memset
  _memset
  L_end_strcat
  _strcat
  L_end_strchr
  _strchr
  L_end_strcmp
  _strcmp
  L_end_strcpy
  _strcpy
  L_end_strlen
  _strlen
  L_end_strncat
  _strncat
  L__strncat101
  L_end_strncpy
  _strncpy
  L_end_strspn
  _strspn
  L__strspn104
  L_end_strcspn
  _strcspn
  L__strcspn106
  L_end_strncmp
  _strncmp
  L_end_strpbrk
  _strpbrk
  L_end_strrchr
  _strrchr
  L__strrchr110
  L_end_strstr
  _strstr
  L__strstr112
  L__strstr113
  L_end_strtok
  _strtok
  L__strtok115
  L_Delay_1us0
  L_Delay_10us1
  L_Delay_22us2
  L_Delay_50us3
  L_Delay_80us4
  L_Delay_500us5
  L_Delay_5500us6
  L_Delay_1ms7
  L_Delay_5ms8
  L_Delay_8ms9
  L_Delay_100ms10
  L_Delay_10ms11
  L_Delay_1sec12
  L____Boot_Delay4k13
  L____Boot_Delay8k14
  L____Boot_Delay12k15
  L____Boot_Delay16k16
  L____Boot_Delay24k17
  L____Boot_Delay32k18
  L____Boot_Delay48k19
  L____Boot_Delay64k20
  L____Boot_Delay128k21
  L_Delay_Cyc22
  L_Delay_Cyc23
  L_VDelay_ms24
  L_VDelay_ms25
  L_VDelay_ms26
  L_VDelay_Advanced_ms27
  L_VDelay_Advanced_ms28
  L_VDelay_Advanced_ms29
  L_end_Get_Fosc_kHz
  _Get_Fosc_kHz
  L_end_Delay_1us
  _Delay_1us
  L_end_Delay_10us
  _Delay_10us
  L_end_Delay_22us
  _Delay_22us
  L_end_Delay_50us
  _Delay_50us
  L_end_Delay_80us
  _Delay_80us
  L_end_Delay_500us
  _Delay_500us
  L_end_Delay_5500us
  _Delay_5500us
  L_end_Delay_1ms
  _Delay_1ms
  L_end_Delay_5ms
  _Delay_5ms
  L_end_Delay_8ms
  _Delay_8ms
  L_end_Delay_100ms
  _Delay_100ms
  L_end_Delay_10ms
  _Delay_10ms
  L_end_Delay_1sec
  _Delay_1sec
  L_end____Boot_Delay4k
  ____Boot_Delay4k
  L_end____Boot_Delay8k
  ____Boot_Delay8k
  L_end____Boot_Delay12k
  ____Boot_Delay12k
  L_end____Boot_Delay16k
  ____Boot_Delay16k
  L_end____Boot_Delay24k
  ____Boot_Delay24k
  L_end____Boot_Delay32k
  ____Boot_Delay32k
  L_end____Boot_Delay48k
  ____Boot_Delay48k
  L_end____Boot_Delay64k
  ____Boot_Delay64k
  L_end____Boot_Delay128k
  ____Boot_Delay128k
  L_end_Delay_Cyc
  _Delay_Cyc
  L_end_VDelay_ms
  _VDelay_ms
  L__VDelay_ms55
  L__VDelay_ms56
  L__VDelay_ms57
  L_end_VDelay_Advanced_ms
  _VDelay_Advanced_ms
  L__VDelay_Advanced_ms59
  L__VDelay_Advanced_ms60
  L__VDelay_Advanced_ms61
  L_Lcd_Cmd0
  L_Lcd_Cmd1
  L_Lcd_Out_CP2
  L_Lcd_Out_CP3
  L_Lcd_Chr4
  L_Lcd_Chr5
  L_Lcd_Chr6
  L_Lcd_Chr7
  L_Lcd_Chr8
  L_Lcd_Chr9
  L_Lcd_Chr10
  L_Lcd_Out11
  L_Lcd_Out12
  L_Lcd_Out13
  L_Lcd_Out14
  L_Lcd_Out15
  L_Lcd_Out16
  L_Lcd_Out17
  L_Lcd_Out18
  L_Lcd_Out19
  L_end_Lcd_Cmd
  _Lcd_Cmd
  L__Lcd_Cmd21
  L__Lcd_Cmd22
  L__Lcd_Cmd23
  L__Lcd_Cmd24
  L__Lcd_Cmd25
  L__Lcd_Cmd26
  L__Lcd_Cmd27
  L__Lcd_Cmd28
  L__Lcd_Cmd29
  L__Lcd_Cmd30
  L__Lcd_Cmd31
  L__Lcd_Cmd32
  L__Lcd_Cmd33
  L__Lcd_Cmd34
  L__Lcd_Cmd35
  L__Lcd_Cmd36
  L__Lcd_Cmd37
  L__Lcd_Cmd38
  L__Lcd_Cmd39
  L__Lcd_Cmd40
  L_end_Lcd_Chr_CP
  _Lcd_Chr_CP
  L_end_Lcd_Out_CP
  _Lcd_Out_CP
  L_end_Lcd_Chr
  _Lcd_Chr
  L_end_Lcd_Init
  _Lcd_Init
  L_end_Lcd_Out
  _Lcd_Out
  L_Div_16x16_S0
  L_Div_16x16_S1
  LOOPS3232A
  SADD22LA
  SOK22LA
  SADD22L8
  SOK22L8
  LOOPS3232B
  SADD22LB
  SOK22LB
  SADD22L16
  SOK22L16
  LOOPS3232C
  SADD22LC
  SOK22LC
  SADD22L24
  SOK22L24
  LOOPS3232D
  SADD22LD
  SOK22LD
  SOK22L
  L_Div_32x32_S6
  L_Div_32x32_S7
  L_Div_32x32_S8
  L_Div_32x32_S9
  FXD3232S
  END_ALL
  CA3232S
  C3232SX
  C3232SX1
  C3232S
  C3232S2
  C3232SX4
  C3232SOK
  C3232SX3
  C3232SX2
  avoid_comfrem
  LOOPU3232A
  UADD22LA
  UOK22LA
  UADD22L8
  UOK22L8
  LOOPU3232B
  UADD22LB
  UOK22LB
  UADD22L16
  UOK22L16
  LOOPU3232C
  UADD22LC
  UOK22LC
  UADD22L24
  UOK22L24
  LOOPU3232D
  UADD22LD
  UOK22LD
  UOK22L
  _NEXT
  _EXIT2
  _LOOP
  _EXIT1
  _IF_FIRST
  _IF_SECOND
  _INVERCE_FIRST
  _MULT
  _INBERSE_SECOND
  _EXIT
  L_end_Div_8x8_U
  _Div_8x8_U
  L_end_Div_16x16_U
  _Div_16x16_U
  L_end_Div_16x16_S_L
  _Div_16x16_S_L
  L_end_Div_16x16_S
  _Div_16x16_S
  L_end_Div_8x8_S
  _Div_8x8_S
  L_end_Mul_8x8_S
  _Mul_8x8_S
  L_end_Mul_16x16_U
  _Mul_16x16_U
  L_end_Mul_16x16_S
  _Mul_16x16_S
  L_end_SDIV3232L
  _SDIV3232L
  L_end_COMFREM
  _COMFREM
  L_end_Div_32x32_S
  _Div_32x32_S
  L_end_Div_32x32_U
  _Div_32x32_U
  L_end_Mul_32x32_U
  _Mul_32x32_U
  L_end_Mul_32x32_S
  _Mul_32x32_S
  _CC2D_Loop1
  _CC2DL_Loop1
  L_loopCA2AWs
  L_loopCCA2AWs
  L_loopCS2Ss
  L_CS2Send
  L_loopCCS2Ss
  L_CCS2Send
  L_loopFZinSWs
  L_longjmp7
  L_end___CC2D
  ___CC2D
  L_end___CC2DW
  ___CC2DW
  L_end___CA2AW
  ___CA2AW
  L_end___CCA2AW
  ___CCA2AW
  L_end___CS2S
  ___CS2S
  L_end___CCS2S
  ___CCS2S
  L_end___FZinS
  ___FZinS
  L_end_____DoIFC
  _____DoIFC
  L_end_Swap
  _Swap
  L_end_setjmp
  _setjmp
  L_end_longjmp
  _longjmp
  L_UART1_Init0
  L_UART1_Init1
  L_UART1_Read2
  L_UART1_Write3
  L_UART1_Write4
  L_UART1_Write_Text5
  L_UART1_Write_Text6
  L_UART1_Read_Text7
  L_UART1_Read_Text8
  L_UART1_Read_Text9
  L_UART1_Read_Text10
  L_UART1_Read_Text11
  L_UART1_Read_Text12
  L_UART1_Read_Text13
  L_UART1_Read_Text14
  L_UART1_Read_Text15
  L_UART2_Init16
  L_UART2_Init17
  L_UART2_Read18
  L_UART2_Write19
  L_UART2_Write20
  L_UART2_Write_Text21
  L_UART2_Write_Text22
  L_UART2_Read_Text23
  L_UART2_Read_Text24
  L_UART2_Read_Text25
  L_UART2_Read_Text26
  L_UART2_Read_Text27
  L_UART2_Read_Text28
  L_UART2_Read_Text29
  L_UART2_Read_Text30
  L_UART2_Read_Text31
  L_UART_Write_Text32
  L_UART_Write_Text33
  L_UART_Read_Text34
  L_UART_Read_Text35
  L_UART_Read_Text36
  L_UART_Read_Text37
  L_UART_Read_Text38
  L_UART_Read_Text39
  L_UART_Read_Text40
  L_UART_Read_Text41
  L_UART_Read_Text42
  L_end_UART1_Init
  _UART1_Init
  L_end_UART1_Data_Ready
  _UART1_Data_Ready
  L_end_UART1_Read
  _UART1_Read
  L_end_UART1_Tx_Idle
  _UART1_Tx_Idle
  L_end_UART1_Write
  _UART1_Write
  L_end_UART1_Write_Text
  _UART1_Write_Text
  L_end_UART1_Read_Text
  _UART1_Read_Text
  L_end_UART2_Init
  _UART2_Init
  L_end_UART2_Data_Ready
  _UART2_Data_Ready
  L_end_UART2_Read
  _UART2_Read
  L_end_UART2_Tx_Idle
  _UART2_Tx_Idle
  L_end_UART2_Write
  _UART2_Write
  L_end_UART2_Write_Text
  _UART2_Write_Text
  L_end_UART2_Read_Text
  _UART2_Read_Text
  L_end_UART_Set_Active
  _UART_Set_Active
  L_end_UART_Write
  _UART_Write
  L_end_UART_Write_Text
  _UART_Write_Text
  L_end_UART_Read
  _UART_Read
  L_end_UART_Data_Ready
  _UART_Data_Ready
  L_end_UART_Read_Text
  _UART_Read_Text
  L_end_UART_Tx_Idle
  _UART_Tx_Idle
  L_interrupt0
  L_interrupt1
  L_main2
  L_main3
  L_main4
  L_main5
  L_main6
  L_end_interrupt
  _interrupt
  L__interrupt8
  L__interrupt9
  L_end_main
  _main
  L__main11
  L_UART1_Init0
  L_UART1_Init1
  L_UART1_Read2
  L_UART1_Write3
  L_UART1_Write4
  L_UART1_Write_Text5
  L_UART1_Write_Text6
  L_UART1_Read_Text7
  L_UART1_Read_Text8
  L_UART1_Read_Text9
  L_UART1_Read_Text10
  L_UART1_Read_Text11
  L_UART1_Read_Text12
  L_UART1_Read_Text13
  L_UART1_Read_Text14
  L_UART1_Read_Text15
  L_UART2_Init16
  L_UART2_Init17
  L_UART2_Read18
  L_UART2_Write19
  L_UART2_Write20
  L_UART2_Write_Text21
  L_UART2_Write_Text22
  L_UART2_Read_Text23
  L_UART2_Read_Text24
  L_UART2_Read_Text25
  L_UART2_Read_Text26
  L_UART2_Read_Text27
  L_UART2_Read_Text28
  L_UART2_Read_Text29
  L_UART2_Read_Text30
  L_UART2_Read_Text31
  L_UART_Write_Text32
  L_UART_Write_Text33
  L_UART_Read_Text34
  L_UART_Read_Text35
  L_UART_Read_Text36
  L_UART_Read_Text37
  L_UART_Read_Text38
  L_UART_Read_Text39
  L_UART_Read_Text40
  L_UART_Read_Text41
  L_UART_Read_Text42
  L_end_UART1_Init
  _UART1_Init
  L_end_UART1_Data_Ready
  _UART1_Data_Ready
  L_end_UART1_Read
  _UART1_Read
  L_end_UART1_Tx_Idle
  _UART1_Tx_Idle
  L_end_UART1_Write
  _UART1_Write
  L_end_UART1_Write_Text
  _UART1_Write_Text
  L_end_UART1_Read_Text
  _UART1_Read_Text
  L_end_UART2_Init
  _UART2_Init
  L_end_UART2_Data_Ready
  _UART2_Data_Ready
  L_end_UART2_Read
  _UART2_Read
  L_end_UART2_Tx_Idle
  _UART2_Tx_Idle
  L_end_UART2_Write
  _UART2_Write
  L_end_UART2_Write_Text
  _UART2_Write_Text
  L_end_UART2_Read_Text
  _UART2_Read_Text
  L_end_UART_Set_Active
  _UART_Set_Active
  L_end_UART_Write
  _UART_Write
  L_end_UART_Write_Text
  _UART_Write_Text
  L_end_UART_Read
  _UART_Read
  L_end_UART_Data_Ready
  _UART_Data_Ready
  L_end_UART_Read_Text
  _UART_Read_Text
  L_end_UART_Tx_Idle
  _UART_Tx_Idle
